<?xml version="1.0" encoding="UTF-8"?>
<robot generator="Robot 7.1 (Python 3.12.6 on win32)" generated="2024-11-14T20:09:01.814554" rpa="false" schemaversion="5">
<suite id="s1" name="Tests" source="C:\Users\Iza Wicki\OneDrive\Documentos\RobotTestesWeb\tests">
<suite id="s1-s1" name="Cadastro Usuario" source="C:\Users\Iza Wicki\OneDrive\Documentos\RobotTestesWeb\tests\cadastro_usuario">
<suite id="s1-s1-s1" name="DeixarCamposVaziosCancelar" source="C:\Users\Iza Wicki\OneDrive\Documentos\RobotTestesWeb\tests\cadastro_usuario\DeixarCamposVaziosCancelar.robot">
<test id="s1-s1-s1-t1" name="Cenario de teste: Editar cadastro não preenchendo nenhum dos campos e clicar no botão &quot;Cancelar&quot;" line="7">
<kw name="Abrir o navegador" owner="DeixarCamposVaziosCancelar" type="SETUP">
<kw name="Open Browser" owner="SeleniumLibrary">
<msg time="2024-11-14T20:09:02.443869" level="INFO">Opening browser 'chrome' to base url 'None'.</msg>
<msg time="2024-11-14T20:09:04.629119" level="WARN">The chromedriver version (130.0.6723.58) detected in PATH at C:\Users\Iza Wicki\AppData\Local\Programs\Python\Python312\Scripts\chromedriver.exe might not be compatible with the detected chrome version (131.0.6778.69); currently, chromedriver 131.0.6778.69 is recommended for chrome 131.*, so it is advised to delete the driver in PATH and retry</msg>
<arg>browser=chrome</arg>
<doc>Opens a new browser instance to the optional ``url``.</doc>
<status status="PASS" start="2024-11-14T20:09:02.443869" elapsed="5.340229"/>
</kw>
<kw name="Maximize Browser Window" owner="SeleniumLibrary">
<doc>Maximizes current browser window.</doc>
<status status="PASS" start="2024-11-14T20:09:07.785097" elapsed="0.119678"/>
</kw>
<status status="PASS" start="2024-11-14T20:09:02.441875" elapsed="5.462900"/>
</kw>
<kw name="Passo 1 - Acessar a pagina de login" owner="DeixarCamposVaziosCancelar">
<kw name="Open Browser" owner="SeleniumLibrary">
<msg time="2024-11-14T20:09:07.907767" level="INFO">Opening browser 'chrome' to base url 'None'.</msg>
<msg time="2024-11-14T20:09:18.944257" level="WARN">The chromedriver version (130.0.6723.58) detected in PATH at C:\Users\Iza Wicki\AppData\Local\Programs\Python\Python312\Scripts\chromedriver.exe might not be compatible with the detected chrome version (131.0.6778.69); currently, chromedriver 131.0.6778.69 is recommended for chrome 131.*, so it is advised to delete the driver in PATH and retry</msg>
<arg>browser=chrome</arg>
<doc>Opens a new browser instance to the optional ``url``.</doc>
<status status="PASS" start="2024-11-14T20:09:07.907767" elapsed="14.295775"/>
</kw>
<kw name="Maximize Browser Window" owner="SeleniumLibrary">
<doc>Maximizes current browser window.</doc>
<status status="PASS" start="2024-11-14T20:09:22.204540" elapsed="0.366021"/>
</kw>
<kw name="Go To" owner="SeleniumLibrary">
<msg time="2024-11-14T20:09:22.571560" level="INFO">Opening url 'https://automacao.qacoders.dev.br/'</msg>
<arg>url=${urlBase}</arg>
<doc>Navigates the current browser window to the provided ``url``.</doc>
<status status="PASS" start="2024-11-14T20:09:22.571560" elapsed="1.871002"/>
</kw>
<status status="PASS" start="2024-11-14T20:09:07.905772" elapsed="16.536790"/>
</kw>
<kw name="Passo 2 - Digitar um e-mail válido" owner="DeixarCamposVaziosCancelar">
<kw name="Wait Until Element Is Visible" owner="SeleniumLibrary">
<arg>locator=${emailInput}</arg>
<doc>Waits until the element ``locator`` is visible.</doc>
<status status="PASS" start="2024-11-14T20:09:24.453527" elapsed="0.746004"/>
</kw>
<kw name="Input Text" owner="SeleniumLibrary">
<msg time="2024-11-14T20:09:25.201528" level="INFO">Typing text 'sysadmin@qacoders.com' into text field 'id=email'.</msg>
<arg>locator=${emailInput}</arg>
<arg>text=${emailValido}</arg>
<doc>Types the given ``text`` into the text field identified by ``locator``.</doc>
<status status="PASS" start="2024-11-14T20:09:25.200531" elapsed="0.685168"/>
</kw>
<kw name="Sleep" owner="BuiltIn">
<msg time="2024-11-14T20:09:26.887020" level="INFO">Slept 1 second.</msg>
<arg>1</arg>
<doc>Pauses the test executed for the given time.</doc>
<status status="PASS" start="2024-11-14T20:09:25.886696" elapsed="1.000324"/>
</kw>
<status status="PASS" start="2024-11-14T20:09:24.452530" elapsed="2.434490"/>
</kw>
<kw name="Passo 3 - Digitar uma senha valida" owner="DeixarCamposVaziosCancelar">
<kw name="Wait Until Element Is Visible" owner="SeleniumLibrary">
<arg>locator=${senhaInput}</arg>
<doc>Waits until the element ``locator`` is visible.</doc>
<status status="PASS" start="2024-11-14T20:09:26.894002" elapsed="0.102726"/>
</kw>
<kw name="Input Password" owner="SeleniumLibrary">
<msg time="2024-11-14T20:09:26.997725" level="INFO">Typing password into text field 'id=password'.</msg>
<msg time="2024-11-14T20:09:27.081501" level="INFO">Temporally setting log level to: NONE</msg>
<arg>locator=${senhaInput}</arg>
<arg>password=${senhaValida}</arg>
<doc>Types the given password into the text field identified by ``locator``.</doc>
<status status="PASS" start="2024-11-14T20:09:26.997725" elapsed="0.209443"/>
</kw>
<kw name="Sleep" owner="BuiltIn">
<msg time="2024-11-14T20:09:28.208487" level="INFO">Slept 1 second.</msg>
<arg>1</arg>
<doc>Pauses the test executed for the given time.</doc>
<status status="PASS" start="2024-11-14T20:09:27.208164" elapsed="1.000323"/>
</kw>
<status status="PASS" start="2024-11-14T20:09:26.893004" elapsed="1.315483"/>
</kw>
<kw name="Passo 4 - clicar no botao entrar" owner="DeixarCamposVaziosCancelar">
<kw name="Wait Until Element Is Visible" owner="SeleniumLibrary">
<arg>locator=${botaoInput}</arg>
<doc>Waits until the element ``locator`` is visible.</doc>
<status status="PASS" start="2024-11-14T20:09:28.213474" elapsed="0.118682"/>
</kw>
<kw name="Click Button" owner="SeleniumLibrary">
<msg time="2024-11-14T20:09:28.333155" level="INFO">Clicking button 'id=login'.</msg>
<arg>locator=${botaoInput}</arg>
<doc>Clicks the button identified by ``locator``.</doc>
<status status="PASS" start="2024-11-14T20:09:28.333155" elapsed="0.433845"/>
</kw>
<kw name="Sleep" owner="BuiltIn">
<msg time="2024-11-14T20:09:29.768317" level="INFO">Slept 1 second.</msg>
<arg>1</arg>
<doc>Pauses the test executed for the given time.</doc>
<status status="PASS" start="2024-11-14T20:09:28.767994" elapsed="1.000323"/>
</kw>
<status status="PASS" start="2024-11-14T20:09:28.212476" elapsed="1.555841"/>
</kw>
<kw name="Passo 5 - Acessar Tela de Cadastro de Usuários" owner="DeixarCamposVaziosCancelar">
<kw name="Wait Until Element Is Visible" owner="SeleniumLibrary">
<arg>locator=${CADASTROS_BUTTON}</arg>
<arg>timeout= 5</arg>
<doc>Waits until the element ``locator`` is visible.</doc>
<status status="PASS" start="2024-11-14T20:09:29.783277" elapsed="0.085771"/>
</kw>
<kw name="Click Element" owner="SeleniumLibrary">
<msg time="2024-11-14T20:09:29.870047" level="INFO">Clicking element '//*[@id="Cadastros"]/span'.</msg>
<arg>locator=${CADASTROS_BUTTON}</arg>
<doc>Click the element identified by ``locator``.</doc>
<status status="PASS" start="2024-11-14T20:09:29.869048" elapsed="0.157579"/>
</kw>
<kw name="Click Element" owner="SeleniumLibrary">
<msg time="2024-11-14T20:09:30.027623" level="INFO">Clicking element '//*[@id="Usuários"]/span'.</msg>
<arg>locator=${USUARIOS_BUTTON}</arg>
<doc>Click the element identified by ``locator``.</doc>
<status status="PASS" start="2024-11-14T20:09:30.026627" elapsed="0.201463"/>
</kw>
<kw name="Wait Until Element Is Visible" owner="SeleniumLibrary">
<arg>id=edit</arg>
<arg>timeout=30</arg>
<doc>Waits until the element ``locator`` is visible.</doc>
<status status="PASS" start="2024-11-14T20:09:30.228090" elapsed="0.598396"/>
</kw>
<kw name="Click Element" owner="SeleniumLibrary">
<msg time="2024-11-14T20:09:30.827485" level="INFO">Clicking element 'id=edit'.</msg>
<arg>id=edit</arg>
<doc>Click the element identified by ``locator``.</doc>
<status status="PASS" start="2024-11-14T20:09:30.827485" elapsed="0.397940"/>
</kw>
<status status="PASS" start="2024-11-14T20:09:29.782279" elapsed="1.443146"/>
</kw>
<kw name="Passo 6 - Nao preencher Nome Completo e E-mail Vazios" owner="DeixarCamposVaziosCancelar">
<kw name="Input Text" owner="SeleniumLibrary">
<msg time="2024-11-14T20:09:31.235395" level="INFO">Typing text '' into text field 'id=fullName'.</msg>
<arg>${FULL_NAME_FIELD}</arg>
<arg>${EMPTY}</arg>
<doc>Types the given ``text`` into the text field identified by ``locator``.</doc>
<status status="PASS" start="2024-11-14T20:09:31.233399" elapsed="0.535569"/>
</kw>
<kw name="Input Text" owner="SeleniumLibrary">
<msg time="2024-11-14T20:09:31.771959" level="INFO">Typing text '' into text field 'id=mail'.</msg>
<arg>${EMAIL_FIELD}</arg>
<arg>${EMPTY}</arg>
<doc>Types the given ``text`` into the text field identified by ``locator``.</doc>
<status status="PASS" start="2024-11-14T20:09:31.769966" elapsed="0.319146"/>
</kw>
<status status="PASS" start="2024-11-14T20:09:31.232402" elapsed="0.857709"/>
</kw>
<kw name="Passo 7 - Clicar no Botão Cancelar" owner="DeixarCamposVaziosCancelar">
<kw name="Click Button" owner="SeleniumLibrary">
<msg time="2024-11-14T20:09:32.104071" level="INFO">Clicking button 'id=cancel'.</msg>
<arg>locator=${BOTAO_CANCELAR}</arg>
<doc>Clicks the button identified by ``locator``.</doc>
<status status="PASS" start="2024-11-14T20:09:32.103074" elapsed="0.267287"/>
</kw>
<status status="PASS" start="2024-11-14T20:09:32.103074" elapsed="0.267287"/>
</kw>
<kw name="Fechar o navegador" owner="DeixarCamposVaziosCancelar" type="TEARDOWN">
<kw name="Close Browser" owner="SeleniumLibrary">
<doc>Closes the current browser.</doc>
<status status="PASS" start="2024-11-14T20:09:32.377341" elapsed="7.180801"/>
</kw>
<status status="PASS" start="2024-11-14T20:09:32.376342" elapsed="7.181800"/>
</kw>
<status status="PASS" start="2024-11-14T20:09:02.439881" elapsed="37.119257"/>
</test>
<status status="PASS" start="2024-11-14T20:09:01.903314" elapsed="37.657823"/>
</suite>
<suite id="s1-s1-s2" name="EditarCadastroUser copy" source="C:\Users\Iza Wicki\OneDrive\Documentos\RobotTestesWeb\tests\cadastro_usuario\EditarCadastroUser copy.robot">
<test id="s1-s1-s2-t1" name="Cenario de teste: Editar Nome E Email Válidos" line="7">
<kw name="Abrir o navegador" owner="EditarCadastroUser copy" type="SETUP">
<kw name="Open Browser" owner="SeleniumLibrary">
<msg time="2024-11-14T20:09:39.580085" level="INFO">Opening browser 'chrome' to base url 'None'.</msg>
<msg time="2024-11-14T20:09:40.577912" level="WARN">The chromedriver version (130.0.6723.58) detected in PATH at C:\Users\Iza Wicki\AppData\Local\Programs\Python\Python312\Scripts\chromedriver.exe might not be compatible with the detected chrome version (131.0.6778.69); currently, chromedriver 131.0.6778.69 is recommended for chrome 131.*, so it is advised to delete the driver in PATH and retry</msg>
<arg>browser=chrome</arg>
<doc>Opens a new browser instance to the optional ``url``.</doc>
<status status="PASS" start="2024-11-14T20:09:39.579086" elapsed="3.207302"/>
</kw>
<kw name="Maximize Browser Window" owner="SeleniumLibrary">
<doc>Maximizes current browser window.</doc>
<status status="PASS" start="2024-11-14T20:09:42.786388" elapsed="0.082778"/>
</kw>
<status status="PASS" start="2024-11-14T20:09:39.579086" elapsed="3.290080"/>
</kw>
<kw name="Passo 1 - Acessar a pagina de login" owner="EditarCadastroUser copy">
<kw name="Open Browser" owner="SeleniumLibrary">
<msg time="2024-11-14T20:09:42.874150" level="INFO">Opening browser 'chrome' to base url 'None'.</msg>
<msg time="2024-11-14T20:09:52.647019" level="WARN">The chromedriver version (130.0.6723.58) detected in PATH at C:\Users\Iza Wicki\AppData\Local\Programs\Python\Python312\Scripts\chromedriver.exe might not be compatible with the detected chrome version (131.0.6778.69); currently, chromedriver 131.0.6778.69 is recommended for chrome 131.*, so it is advised to delete the driver in PATH and retry</msg>
<arg>browser=chrome</arg>
<doc>Opens a new browser instance to the optional ``url``.</doc>
<status status="PASS" start="2024-11-14T20:09:42.872156" elapsed="12.756332"/>
</kw>
<kw name="Maximize Browser Window" owner="SeleniumLibrary">
<doc>Maximizes current browser window.</doc>
<status status="PASS" start="2024-11-14T20:09:55.628488" elapsed="0.409903"/>
</kw>
<kw name="Go To" owner="SeleniumLibrary">
<msg time="2024-11-14T20:09:56.039390" level="INFO">Opening url 'https://automacao.qacoders.dev.br/'</msg>
<arg>url=${urlBase}</arg>
<doc>Navigates the current browser window to the provided ``url``.</doc>
<status status="PASS" start="2024-11-14T20:09:56.039390" elapsed="0.778915"/>
</kw>
<status status="PASS" start="2024-11-14T20:09:42.871158" elapsed="13.948145"/>
</kw>
<kw name="Passo 2 - Digitar um e-mail válido" owner="EditarCadastroUser copy">
<kw name="Wait Until Element Is Visible" owner="SeleniumLibrary">
<arg>locator=${emailInput}</arg>
<doc>Waits until the element ``locator`` is visible.</doc>
<status status="PASS" start="2024-11-14T20:09:56.835262" elapsed="0.599396"/>
</kw>
<kw name="Input Text" owner="SeleniumLibrary">
<msg time="2024-11-14T20:09:57.435654" level="INFO">Typing text 'sysadmin@qacoders.com' into text field 'id=email'.</msg>
<arg>locator=${emailInput}</arg>
<arg>text=${emailValido}</arg>
<doc>Types the given ``text`` into the text field identified by ``locator``.</doc>
<status status="PASS" start="2024-11-14T20:09:57.434658" elapsed="1.199792"/>
</kw>
<status status="PASS" start="2024-11-14T20:09:56.834262" elapsed="1.800188"/>
</kw>
<kw name="Passo 3 - Digitar uma senha valida" owner="EditarCadastroUser copy">
<kw name="Wait Until Element Is Visible" owner="SeleniumLibrary">
<arg>locator=${senhaInput}</arg>
<doc>Waits until the element ``locator`` is visible.</doc>
<status status="PASS" start="2024-11-14T20:09:58.643426" elapsed="0.206445"/>
</kw>
<kw name="Input Password" owner="SeleniumLibrary">
<msg time="2024-11-14T20:09:58.851869" level="INFO">Typing password into text field 'id=password'.</msg>
<msg time="2024-11-14T20:09:59.280721" level="INFO">Temporally setting log level to: NONE</msg>
<arg>locator=${senhaInput}</arg>
<arg>password=${senhaValida}</arg>
<doc>Types the given password into the text field identified by ``locator``.</doc>
<status status="PASS" start="2024-11-14T20:09:58.850871" elapsed="0.728053"/>
</kw>
<status status="PASS" start="2024-11-14T20:09:58.642431" elapsed="0.936493"/>
</kw>
<kw name="Passo 4 - clicar no botao entrar" owner="EditarCadastroUser copy">
<kw name="Wait Until Element Is Visible" owner="SeleniumLibrary">
<arg>locator=${botaoInput}</arg>
<doc>Waits until the element ``locator`` is visible.</doc>
<status status="PASS" start="2024-11-14T20:09:59.584910" elapsed="0.201459"/>
</kw>
<kw name="Click Button" owner="SeleniumLibrary">
<msg time="2024-11-14T20:09:59.787368" level="INFO">Clicking button 'id=login'.</msg>
<arg>locator=${botaoInput}</arg>
<doc>Clicks the button identified by ``locator``.</doc>
<status status="PASS" start="2024-11-14T20:09:59.786369" elapsed="1.050192"/>
</kw>
<kw name="Sleep" owner="BuiltIn">
<msg time="2024-11-14T20:10:10.837822" level="INFO">Slept 10 seconds.</msg>
<arg>10</arg>
<doc>Pauses the test executed for the given time.</doc>
<status status="PASS" start="2024-11-14T20:10:00.836561" elapsed="10.001261"/>
</kw>
<status status="PASS" start="2024-11-14T20:09:59.583909" elapsed="11.253913"/>
</kw>
<kw name="Passo 5 - Acessar Tela de Cadastro de Usuários" owner="EditarCadastroUser copy">
<kw name="Wait Until Element Is Visible" owner="SeleniumLibrary">
<arg>${CADASTROS_BUTTON}</arg>
<arg>timeout=30</arg>
<doc>Waits until the element ``locator`` is visible.</doc>
<status status="PASS" start="2024-11-14T20:10:10.843804" elapsed="0.212437"/>
</kw>
<kw name="Click Element" owner="SeleniumLibrary">
<msg time="2024-11-14T20:10:11.057235" level="INFO">Clicking element '//*[@id="Cadastros"]/span'.</msg>
<arg>${CADASTROS_BUTTON}</arg>
<doc>Click the element identified by ``locator``.</doc>
<status status="PASS" start="2024-11-14T20:10:11.057235" elapsed="0.291221"/>
</kw>
<kw name="Click Element" owner="SeleniumLibrary">
<msg time="2024-11-14T20:10:11.349453" level="INFO">Clicking element '//*[@id="Usuários"]/span'.</msg>
<arg>${USUARIOS_BUTTON}</arg>
<doc>Click the element identified by ``locator``.</doc>
<status status="PASS" start="2024-11-14T20:10:11.348456" elapsed="0.309172"/>
</kw>
<kw name="Wait Until Element Is Visible" owner="SeleniumLibrary">
<arg>id=edit</arg>
<arg>timeout=30</arg>
<doc>Waits until the element ``locator`` is visible.</doc>
<status status="PASS" start="2024-11-14T20:10:11.658626" elapsed="0.788892"/>
</kw>
<kw name="Click Element" owner="SeleniumLibrary">
<msg time="2024-11-14T20:10:12.448514" level="INFO">Clicking element 'id=edit'.</msg>
<arg>id=edit</arg>
<doc>Click the element identified by ``locator``.</doc>
<status status="PASS" start="2024-11-14T20:10:12.448514" elapsed="0.603391"/>
</kw>
<status status="PASS" start="2024-11-14T20:10:10.842810" elapsed="2.209095"/>
</kw>
<kw name="Passo 6 - Editar Nome e Email Válidos" owner="EditarCadastroUser copy">
<kw name="Input Text" owner="SeleniumLibrary">
<msg time="2024-11-14T20:10:13.061875" level="INFO">Typing text 'Nome Completo Cadastrado' into text field 'id=fullName'.</msg>
<arg>${FULL_NAME_FIELD}</arg>
<arg>${NEW_FULL_NAME}</arg>
<doc>Types the given ``text`` into the text field identified by ``locator``.</doc>
<status status="PASS" start="2024-11-14T20:10:13.060878" elapsed="0.670207"/>
</kw>
<kw name="Input Text" owner="SeleniumLibrary">
<msg time="2024-11-14T20:10:13.733080" level="INFO">Typing text 'sysadmintestetdshvsvsd' into text field 'id=mail'.</msg>
<arg>${EMAIL_FIELD}</arg>
<arg>${NEW_EMAIL}</arg>
<doc>Types the given ``text`` into the text field identified by ``locator``.</doc>
<status status="PASS" start="2024-11-14T20:10:13.732090" elapsed="0.465749"/>
</kw>
<status status="PASS" start="2024-11-14T20:10:13.059880" elapsed="1.138954"/>
</kw>
<kw name="Passo 7 - Clicar no Botão Salvar Alterações" owner="EditarCadastroUser copy">
<kw name="Click Button" owner="SeleniumLibrary">
<msg time="2024-11-14T20:10:14.201826" level="INFO">Clicking button 'id=save'.</msg>
<arg>${SAVE_BUTTON}</arg>
<doc>Clicks the button identified by ``locator``.</doc>
<status status="PASS" start="2024-11-14T20:10:14.200829" elapsed="0.173536"/>
</kw>
<status status="PASS" start="2024-11-14T20:10:14.199834" elapsed="0.175530"/>
</kw>
<kw name="Fechar o navegador" owner="EditarCadastroUser copy" type="TEARDOWN">
<kw name="Close Browser" owner="SeleniumLibrary">
<doc>Closes the current browser.</doc>
<status status="PASS" start="2024-11-14T20:10:14.378355" elapsed="3.246347"/>
</kw>
<status status="PASS" start="2024-11-14T20:10:14.376366" elapsed="3.248336"/>
</kw>
<status status="PASS" start="2024-11-14T20:09:39.578090" elapsed="38.047582"/>
</test>
<status status="PASS" start="2024-11-14T20:09:39.562132" elapsed="38.064539"/>
</suite>
<status status="PASS" start="2024-11-14T20:09:01.899326" elapsed="75.729340"/>
</suite>
<suite id="s1-s2" name="Email" source="C:\Users\Iza Wicki\OneDrive\Documentos\RobotTestesWeb\tests\email">
<suite id="s1-s2-s1" name="EmailComEspaços" source="C:\Users\Iza Wicki\OneDrive\Documentos\RobotTestesWeb\tests\email\EmailComEspaços.robot">
<test id="s1-s2-s1-t1" name="Cenario de teste: Editar campo &quot;E-mail&quot; contendo espaços" line="8">
<kw name="Abrir o navegador" owner="EmailComEspaços" type="SETUP">
<kw name="Open Browser" owner="SeleniumLibrary">
<msg time="2024-11-14T20:10:17.675540" level="INFO">Opening browser 'chrome' to base url 'None'.</msg>
<msg time="2024-11-14T20:10:18.801929" level="WARN">The chromedriver version (130.0.6723.58) detected in PATH at C:\Users\Iza Wicki\AppData\Local\Programs\Python\Python312\Scripts\chromedriver.exe might not be compatible with the detected chrome version (131.0.6778.69); currently, chromedriver 131.0.6778.69 is recommended for chrome 131.*, so it is advised to delete the driver in PATH and retry</msg>
<arg>browser=chrome</arg>
<doc>Opens a new browser instance to the optional ``url``.</doc>
<status status="PASS" start="2024-11-14T20:10:17.674550" elapsed="4.288661"/>
</kw>
<kw name="Maximize Browser Window" owner="SeleniumLibrary">
<doc>Maximizes current browser window.</doc>
<status status="PASS" start="2024-11-14T20:10:21.963211" elapsed="0.208442"/>
</kw>
<status status="PASS" start="2024-11-14T20:10:17.673545" elapsed="4.498108"/>
</kw>
<kw name="Passo 1 - Acessar a pagina de login" owner="EmailComEspaços">
<kw name="Open Browser" owner="SeleniumLibrary">
<msg time="2024-11-14T20:10:22.175642" level="INFO">Opening browser 'chrome' to base url 'None'.</msg>
<msg time="2024-11-14T20:10:32.190863" level="WARN">The chromedriver version (130.0.6723.58) detected in PATH at C:\Users\Iza Wicki\AppData\Local\Programs\Python\Python312\Scripts\chromedriver.exe might not be compatible with the detected chrome version (131.0.6778.69); currently, chromedriver 131.0.6778.69 is recommended for chrome 131.*, so it is advised to delete the driver in PATH and retry</msg>
<arg>browser=chrome</arg>
<doc>Opens a new browser instance to the optional ``url``.</doc>
<status status="PASS" start="2024-11-14T20:10:22.174645" elapsed="14.360604"/>
</kw>
<kw name="Maximize Browser Window" owner="SeleniumLibrary">
<doc>Maximizes current browser window.</doc>
<status status="PASS" start="2024-11-14T20:10:36.537245" elapsed="0.393944"/>
</kw>
<kw name="Go To" owner="SeleniumLibrary">
<msg time="2024-11-14T20:10:36.932189" level="INFO">Opening url 'https://automacao.qacoders.dev.br/'</msg>
<arg>url=${urlBase}</arg>
<doc>Navigates the current browser window to the provided ``url``.</doc>
<status status="PASS" start="2024-11-14T20:10:36.932189" elapsed="1.232703"/>
</kw>
<status status="PASS" start="2024-11-14T20:10:22.173653" elapsed="15.991239"/>
</kw>
<kw name="Passo 2 - Digitar um e-mail válido" owner="EmailComEspaços">
<kw name="Wait Until Element Is Visible" owner="SeleniumLibrary">
<arg>locator=${emailInput}</arg>
<doc>Waits until the element ``locator`` is visible.</doc>
<status status="PASS" start="2024-11-14T20:10:38.169879" elapsed="1.265616"/>
</kw>
<kw name="Input Text" owner="SeleniumLibrary">
<msg time="2024-11-14T20:10:39.437489" level="INFO">Typing text 'sysadmin@qacoders.com' into text field 'id=email'.</msg>
<arg>locator=${emailInput}</arg>
<arg>text=${emailValido}</arg>
<doc>Types the given ``text`` into the text field identified by ``locator``.</doc>
<status status="PASS" start="2024-11-14T20:10:39.436492" elapsed="0.934502"/>
</kw>
<kw name="Sleep" owner="BuiltIn">
<msg time="2024-11-14T20:10:46.372455" level="INFO">Slept 6 seconds.</msg>
<arg>6</arg>
<doc>Pauses the test executed for the given time.</doc>
<status status="PASS" start="2024-11-14T20:10:40.370994" elapsed="6.001461"/>
</kw>
<status status="PASS" start="2024-11-14T20:10:38.168880" elapsed="8.203575"/>
</kw>
<kw name="Passo 3 - Digitar uma senha valida" owner="EmailComEspaços">
<kw name="Wait Until Element Is Visible" owner="SeleniumLibrary">
<arg>locator=${senhaInput}</arg>
<doc>Waits until the element ``locator`` is visible.</doc>
<status status="PASS" start="2024-11-14T20:10:46.386422" elapsed="2.119334"/>
</kw>
<kw name="Input Password" owner="SeleniumLibrary">
<msg time="2024-11-14T20:10:48.506754" level="INFO">Typing password into text field 'id=password'.</msg>
<msg time="2024-11-14T20:10:49.152028" level="INFO">Temporally setting log level to: NONE</msg>
<arg>locator=${senhaInput}</arg>
<arg>password=${senhaValida}</arg>
<doc>Types the given password into the text field identified by ``locator``.</doc>
<status status="PASS" start="2024-11-14T20:10:48.505756" elapsed="0.770939"/>
</kw>
<kw name="Sleep" owner="BuiltIn">
<msg time="2024-11-14T20:10:54.278322" level="INFO">Slept 5 seconds.</msg>
<arg>5</arg>
<doc>Pauses the test executed for the given time.</doc>
<status status="PASS" start="2024-11-14T20:10:49.277692" elapsed="5.000630"/>
</kw>
<status status="PASS" start="2024-11-14T20:10:46.385427" elapsed="7.892895"/>
</kw>
<kw name="Passo 4 - clicar no botao entrar" owner="EmailComEspaços">
<kw name="Wait Until Element Is Visible" owner="SeleniumLibrary">
<arg>locator=${botaoInput}</arg>
<doc>Waits until the element ``locator`` is visible.</doc>
<status status="PASS" start="2024-11-14T20:10:54.279319" elapsed="0.034908"/>
</kw>
<kw name="Click Button" owner="SeleniumLibrary">
<msg time="2024-11-14T20:10:54.314227" level="INFO">Clicking button 'id=login'.</msg>
<arg>locator=${botaoInput}</arg>
<doc>Clicks the button identified by ``locator``.</doc>
<status status="PASS" start="2024-11-14T20:10:54.314227" elapsed="0.164560"/>
</kw>
<kw name="Sleep" owner="BuiltIn">
<msg time="2024-11-14T20:10:59.479414" level="INFO">Slept 5 seconds.</msg>
<arg>5</arg>
<doc>Pauses the test executed for the given time.</doc>
<status status="PASS" start="2024-11-14T20:10:54.478787" elapsed="5.000627"/>
</kw>
<status status="PASS" start="2024-11-14T20:10:54.279319" elapsed="5.200095"/>
</kw>
<kw name="Passo 5 - Acessar Tela de Cadastro de Usuários" owner="EmailComEspaços">
<kw name="Wait Until Element Is Visible" owner="SeleniumLibrary">
<arg>${CADASTROS_BUTTON}</arg>
<arg>timeout=60s</arg>
<doc>Waits until the element ``locator`` is visible.</doc>
<status status="PASS" start="2024-11-14T20:10:59.480414" elapsed="0.046873"/>
</kw>
<kw name="Click Element" owner="SeleniumLibrary">
<msg time="2024-11-14T20:10:59.527287" level="INFO">Clicking element '//*[@id="Cadastros"]/span'.</msg>
<arg>${CADASTROS_BUTTON}</arg>
<doc>Click the element identified by ``locator``.</doc>
<status status="PASS" start="2024-11-14T20:10:59.527287" elapsed="0.106716"/>
</kw>
<kw name="Click Element" owner="SeleniumLibrary">
<msg time="2024-11-14T20:10:59.635998" level="INFO">Clicking element '//*[@id="Usuários"]/span'.</msg>
<arg>${USUARIOS_BUTTON}</arg>
<doc>Click the element identified by ``locator``.</doc>
<status status="PASS" start="2024-11-14T20:10:59.635003" elapsed="0.176525"/>
</kw>
<kw name="Wait Until Element Is Visible" owner="SeleniumLibrary">
<arg>id=edit</arg>
<arg>timeout=30</arg>
<doc>Waits until the element ``locator`` is visible.</doc>
<status status="PASS" start="2024-11-14T20:10:59.812526" elapsed="0.386966"/>
</kw>
<kw name="Click Element" owner="SeleniumLibrary">
<msg time="2024-11-14T20:11:00.199492" level="INFO">Clicking element 'id=edit'.</msg>
<arg>id=edit</arg>
<doc>Click the element identified by ``locator``.</doc>
<status status="PASS" start="2024-11-14T20:11:00.199492" elapsed="0.166553"/>
</kw>
<status status="PASS" start="2024-11-14T20:10:59.479414" elapsed="0.886631"/>
</kw>
<kw name=" Passo 6 - Editar Nome e preencher o email com espaços" owner="EmailComEspaços">
<kw name="Input Text" owner="SeleniumLibrary">
<msg time="2024-11-14T20:11:00.369039" level="INFO">Typing text 'Nome Completo Cadastrado' into text field 'id=fullName'.</msg>
<arg>${FULL_NAME_FIELD}</arg>
<arg>${NEW_FULL_NAME}</arg>
<doc>Types the given ``text`` into the text field identified by ``locator``.</doc>
<status status="PASS" start="2024-11-14T20:11:00.368040" elapsed="0.345080"/>
</kw>
<kw name="Input Text" owner="SeleniumLibrary">
<msg time="2024-11-14T20:11:00.714118" level="INFO">Typing text 'teste email@example.com' into text field 'id=mail'.</msg>
<arg>${EMAIL_FIELD}</arg>
<arg>${EMAIL_COM_ESPACOS}</arg>
<doc>Types the given ``text`` into the text field identified by ``locator``.</doc>
<status status="PASS" start="2024-11-14T20:11:00.714118" elapsed="0.233376"/>
</kw>
<status status="PASS" start="2024-11-14T20:11:00.367044" elapsed="0.580450"/>
</kw>
<kw name="Passo 7 - Clicar no Botão Salvar Alterações" owner="EmailComEspaços">
<kw name="Click Button" owner="SeleniumLibrary">
<msg time="2024-11-14T20:11:00.949485" level="INFO">Clicking button 'id=save'.</msg>
<arg>${SAVE_BUTTON}</arg>
<doc>Clicks the button identified by ``locator``.</doc>
<status status="PASS" start="2024-11-14T20:11:00.949485" elapsed="0.141628"/>
</kw>
<status status="PASS" start="2024-11-14T20:11:00.948488" elapsed="0.143619"/>
</kw>
<kw name="Passo 8 - Verificar Mensagem de Erro de Email Inválido" owner="EmailComEspaços">
<kw name="Wait Until Element Is Visible" owner="SeleniumLibrary">
<arg>${MENSAGEM_ERRO_EMAIL}</arg>
<arg>timeout=10s</arg>
<doc>Waits until the element ``locator`` is visible.</doc>
<status status="PASS" start="2024-11-14T20:11:01.093102" elapsed="0.039892"/>
</kw>
<kw name="Element Text Should Be" owner="SeleniumLibrary">
<msg time="2024-11-14T20:11:01.133990" level="INFO">Verifying element 'xpath=//p[@class='css-bbipig' and contains(text(), 'Email inválido')]' contains exact text 'Email inválido'.</msg>
<arg>${MENSAGEM_ERRO_EMAIL}</arg>
<arg>Email inválido</arg>
<doc>Verifies that element ``locator`` contains exact the text ``expected``.</doc>
<status status="PASS" start="2024-11-14T20:11:01.132994" elapsed="0.033911"/>
</kw>
<status status="PASS" start="2024-11-14T20:11:01.093102" elapsed="0.073803"/>
</kw>
<kw name="Fechar o navegador" owner="EmailComEspaços" type="TEARDOWN">
<kw name="Close Browser" owner="SeleniumLibrary">
<doc>Closes the current browser.</doc>
<status status="PASS" start="2024-11-14T20:11:01.167901" elapsed="2.494101"/>
</kw>
<status status="PASS" start="2024-11-14T20:11:01.167901" elapsed="2.494101"/>
</kw>
<status status="PASS" start="2024-11-14T20:10:17.668558" elapsed="45.994451"/>
</test>
<status status="PASS" start="2024-11-14T20:10:17.638638" elapsed="46.026543"/>
</suite>
<suite id="s1-s2-s2" name="EmailFomatoValidoBR" source="C:\Users\Iza Wicki\OneDrive\Documentos\RobotTestesWeb\tests\email\EmailFomatoValidoBR.robot">
<test id="s1-s2-s2-t1" name="Cenario de teste: Editar campo &quot;E-mail&quot; no formato valido: usuario@email.com.br" line="8">
<kw name="Abrir o navegador" owner="EmailFormatoValidoBR" type="SETUP">
<kw name="Open Browser" owner="SeleniumLibrary">
<msg time="2024-11-14T20:11:03.690658" level="INFO">Opening browser 'chrome' to base url 'None'.</msg>
<msg time="2024-11-14T20:11:04.843427" level="WARN">The chromedriver version (130.0.6723.58) detected in PATH at C:\Users\Iza Wicki\AppData\Local\Programs\Python\Python312\Scripts\chromedriver.exe might not be compatible with the detected chrome version (131.0.6778.69); currently, chromedriver 131.0.6778.69 is recommended for chrome 131.*, so it is advised to delete the driver in PATH and retry</msg>
<arg>browser=chrome</arg>
<doc>Opens a new browser instance to the optional ``url``.</doc>
<status status="PASS" start="2024-11-14T20:11:03.690658" elapsed="3.876156"/>
</kw>
<kw name="Maximize Browser Window" owner="SeleniumLibrary">
<doc>Maximizes current browser window.</doc>
<status status="PASS" start="2024-11-14T20:11:07.566814" elapsed="0.164560"/>
</kw>
<status status="PASS" start="2024-11-14T20:11:03.689662" elapsed="4.041712"/>
</kw>
<kw name="Passo 1 - Acessar a pagina de login" owner="EmailFormatoValidoBR">
<kw name="Open Browser" owner="SeleniumLibrary">
<msg time="2024-11-14T20:11:07.735364" level="INFO">Opening browser 'chrome' to base url 'None'.</msg>
<msg time="2024-11-14T20:11:18.411816" level="WARN">The chromedriver version (130.0.6723.58) detected in PATH at C:\Users\Iza Wicki\AppData\Local\Programs\Python\Python312\Scripts\chromedriver.exe might not be compatible with the detected chrome version (131.0.6778.69); currently, chromedriver 131.0.6778.69 is recommended for chrome 131.*, so it is advised to delete the driver in PATH and retry</msg>
<arg>browser=chrome</arg>
<doc>Opens a new browser instance to the optional ``url``.</doc>
<status status="PASS" start="2024-11-14T20:11:07.734367" elapsed="13.726299"/>
</kw>
<kw name="Maximize Browser Window" owner="SeleniumLibrary">
<doc>Maximizes current browser window.</doc>
<status status="PASS" start="2024-11-14T20:11:21.460666" elapsed="0.229387"/>
</kw>
<kw name="Go To" owner="SeleniumLibrary">
<msg time="2024-11-14T20:11:21.691050" level="INFO">Opening url 'https://automacao.qacoders.dev.br/'</msg>
<arg>url=${urlBase}</arg>
<doc>Navigates the current browser window to the provided ``url``.</doc>
<status status="PASS" start="2024-11-14T20:11:21.691050" elapsed="2.063482"/>
</kw>
<status status="PASS" start="2024-11-14T20:11:07.733369" elapsed="16.022161"/>
</kw>
<kw name="Passo 2 - Digitar um e-mail válido" owner="EmailFormatoValidoBR">
<kw name="Wait Until Element Is Visible" owner="SeleniumLibrary">
<arg>locator=${emailInput}</arg>
<doc>Waits until the element ``locator`` is visible.</doc>
<status status="PASS" start="2024-11-14T20:11:23.761514" elapsed="1.968736"/>
</kw>
<kw name="Input Text" owner="SeleniumLibrary">
<msg time="2024-11-14T20:11:25.731248" level="INFO">Typing text 'sysadmin@qacoders.com' into text field 'id=email'.</msg>
<arg>locator=${emailInput}</arg>
<arg>text=${emailValido}</arg>
<doc>Types the given ``text`` into the text field identified by ``locator``.</doc>
<status status="PASS" start="2024-11-14T20:11:25.730250" elapsed="2.427509"/>
</kw>
<status status="PASS" start="2024-11-14T20:11:23.761514" elapsed="4.397242"/>
</kw>
<kw name="Passo 3 - Digitar uma senha valida" owner="EmailFormatoValidoBR">
<kw name="Wait Until Element Is Visible" owner="SeleniumLibrary">
<arg>locator=${senhaInput}</arg>
<doc>Waits until the element ``locator`` is visible.</doc>
<status status="PASS" start="2024-11-14T20:11:28.171722" elapsed="0.368015"/>
</kw>
<kw name="Input Password" owner="SeleniumLibrary">
<msg time="2024-11-14T20:11:28.540737" level="INFO">Typing password into text field 'id=password'.</msg>
<msg time="2024-11-14T20:11:28.845919" level="INFO">Temporally setting log level to: NONE</msg>
<arg>locator=${senhaInput}</arg>
<arg>password=${senhaValida}</arg>
<doc>Types the given password into the text field identified by ``locator``.</doc>
<status status="PASS" start="2024-11-14T20:11:28.539737" elapsed="0.888625"/>
</kw>
<status status="PASS" start="2024-11-14T20:11:28.170725" elapsed="1.257637"/>
</kw>
<kw name="Passo 4 - clicar no botao entrar" owner="EmailFormatoValidoBR">
<kw name="Wait Until Element Is Visible" owner="SeleniumLibrary">
<arg>locator=${botaoInput}</arg>
<doc>Waits until the element ``locator`` is visible.</doc>
<status status="PASS" start="2024-11-14T20:11:29.438336" elapsed="0.108708"/>
</kw>
<kw name="Click Button" owner="SeleniumLibrary">
<msg time="2024-11-14T20:11:29.548042" level="INFO">Clicking button 'id=login'.</msg>
<arg>locator=${botaoInput}</arg>
<doc>Clicks the button identified by ``locator``.</doc>
<status status="PASS" start="2024-11-14T20:11:29.548042" elapsed="0.378986"/>
</kw>
<kw name="Sleep" owner="BuiltIn">
<msg time="2024-11-14T20:11:34.927657" level="INFO">Slept 5 seconds.</msg>
<arg>5</arg>
<doc>Pauses the test executed for the given time.</doc>
<status status="PASS" start="2024-11-14T20:11:29.927028" elapsed="5.000629"/>
</kw>
<status status="PASS" start="2024-11-14T20:11:29.437340" elapsed="5.490317"/>
</kw>
<kw name="Passo 5 - Acessar Tela de Cadastro de Usuários" owner="EmailFormatoValidoBR">
<kw name="Wait Until Element Is Visible" owner="SeleniumLibrary">
<arg>${CADASTROS_BUTTON}</arg>
<arg>timeout= 60s</arg>
<doc>Waits until the element ``locator`` is visible.</doc>
<status status="PASS" start="2024-11-14T20:11:34.940623" elapsed="0.531579"/>
</kw>
<kw name="Click Element" owner="SeleniumLibrary">
<msg time="2024-11-14T20:11:35.473199" level="INFO">Clicking element '//*[@id="Cadastros"]/span'.</msg>
<arg>${CADASTROS_BUTTON}</arg>
<doc>Click the element identified by ``locator``.</doc>
<status status="PASS" start="2024-11-14T20:11:35.473199" elapsed="0.954449"/>
</kw>
<kw name="Click Element" owner="SeleniumLibrary">
<msg time="2024-11-14T20:11:36.428644" level="INFO">Clicking element '//*[@id="Usuários"]/span'.</msg>
<arg>${USUARIOS_BUTTON}</arg>
<doc>Click the element identified by ``locator``.</doc>
<status status="PASS" start="2024-11-14T20:11:36.428644" elapsed="0.211437"/>
</kw>
<kw name="Wait Until Element Is Visible" owner="SeleniumLibrary">
<arg>id=edit</arg>
<arg>timeout=30</arg>
<doc>Waits until the element ``locator`` is visible.</doc>
<status status="PASS" start="2024-11-14T20:11:36.641081" elapsed="0.386962"/>
</kw>
<kw name="Click Element" owner="SeleniumLibrary">
<msg time="2024-11-14T20:11:37.029039" level="INFO">Clicking element 'id=edit'.</msg>
<arg>id=edit</arg>
<doc>Click the element identified by ``locator``.</doc>
<status status="PASS" start="2024-11-14T20:11:37.028043" elapsed="0.151594"/>
</kw>
<status status="PASS" start="2024-11-14T20:11:34.940623" elapsed="2.239014"/>
</kw>
<kw name="Passo 6 - Editar Nome e preencher o email com formato .com.br" owner="EmailFormatoValidoBR">
<kw name="Input Text" owner="SeleniumLibrary">
<msg time="2024-11-14T20:11:37.182631" level="INFO">Typing text 'Nome Completo Cadastrado' into text field 'id=fullName'.</msg>
<arg>${FULL_NAME_FIELD}</arg>
<arg>${NEW_FULL_NAME}</arg>
<doc>Types the given ``text`` into the text field identified by ``locator``.</doc>
<status status="PASS" start="2024-11-14T20:11:37.182631" elapsed="0.460768"/>
</kw>
<kw name="Input Text" owner="SeleniumLibrary">
<msg time="2024-11-14T20:11:37.644395" level="INFO">Typing text 'usuario@email.com.br' into text field 'id=mail'.</msg>
<arg>${EMAIL_FIELD}</arg>
<arg>${EMAIL_FORMATO_BR}</arg>
<doc>Types the given ``text`` into the text field identified by ``locator``.</doc>
<status status="PASS" start="2024-11-14T20:11:37.643399" elapsed="0.319147"/>
</kw>
<status status="PASS" start="2024-11-14T20:11:37.181634" elapsed="0.780912"/>
</kw>
<kw name="Passo 7 - Clicar no Botão Salvar Alterações" owner="EmailFormatoValidoBR">
<kw name="Click Button" owner="SeleniumLibrary">
<msg time="2024-11-14T20:11:37.965536" level="INFO">Clicking button 'id=save'.</msg>
<arg>${SAVE_BUTTON}</arg>
<doc>Clicks the button identified by ``locator``.</doc>
<status status="PASS" start="2024-11-14T20:11:37.964540" elapsed="0.204453"/>
</kw>
<status status="PASS" start="2024-11-14T20:11:37.964540" elapsed="0.204453"/>
</kw>
<kw name="Fechar o navegador" owner="EmailFormatoValidoBR" type="TEARDOWN">
<kw name="Close Browser" owner="SeleniumLibrary">
<doc>Closes the current browser.</doc>
<status status="PASS" start="2024-11-14T20:11:38.171985" elapsed="3.819788"/>
</kw>
<status status="PASS" start="2024-11-14T20:11:38.170991" elapsed="3.820782"/>
</kw>
<status status="PASS" start="2024-11-14T20:11:03.688662" elapsed="38.304108"/>
</test>
<status status="PASS" start="2024-11-14T20:11:03.667721" elapsed="38.329038"/>
</suite>
<suite id="s1-s2-s3" name="EmailFormatoInvalido" source="C:\Users\Iza Wicki\OneDrive\Documentos\RobotTestesWeb\tests\email\EmailFormatoInvalido.robot">
<test id="s1-s2-s3-t1" name="Cenario de teste: Editar Nome e preencher o email sem @" line="8">
<kw name="Abrir o navegador" owner="EmailFormatoInvalido" type="SETUP">
<kw name="Open Browser" owner="SeleniumLibrary">
<msg time="2024-11-14T20:11:42.095494" level="INFO">Opening browser 'chrome' to base url 'None'.</msg>
<msg time="2024-11-14T20:11:43.752065" level="WARN">The chromedriver version (130.0.6723.58) detected in PATH at C:\Users\Iza Wicki\AppData\Local\Programs\Python\Python312\Scripts\chromedriver.exe might not be compatible with the detected chrome version (131.0.6778.69); currently, chromedriver 131.0.6778.69 is recommended for chrome 131.*, so it is advised to delete the driver in PATH and retry</msg>
<arg>browser=chrome</arg>
<doc>Opens a new browser instance to the optional ``url``.</doc>
<status status="PASS" start="2024-11-14T20:11:42.094498" elapsed="4.510937"/>
</kw>
<kw name="Maximize Browser Window" owner="SeleniumLibrary">
<doc>Maximizes current browser window.</doc>
<status status="PASS" start="2024-11-14T20:11:46.606432" elapsed="0.093753"/>
</kw>
<status status="PASS" start="2024-11-14T20:11:42.093501" elapsed="4.606684"/>
</kw>
<kw name="Passo 1 - Acessar a pagina de login" owner="EmailFormatoInvalido">
<kw name="Open Browser" owner="SeleniumLibrary">
<msg time="2024-11-14T20:11:46.709158" level="INFO">Opening browser 'chrome' to base url 'None'.</msg>
<msg time="2024-11-14T20:11:59.166851" level="WARN">The chromedriver version (130.0.6723.58) detected in PATH at C:\Users\Iza Wicki\AppData\Local\Programs\Python\Python312\Scripts\chromedriver.exe might not be compatible with the detected chrome version (131.0.6778.69); currently, chromedriver 131.0.6778.69 is recommended for chrome 131.*, so it is advised to delete the driver in PATH and retry</msg>
<arg>browser=chrome</arg>
<doc>Opens a new browser instance to the optional ``url``.</doc>
<status status="PASS" start="2024-11-14T20:11:46.709158" elapsed="15.802749"/>
</kw>
<kw name="Maximize Browser Window" owner="SeleniumLibrary">
<doc>Maximizes current browser window.</doc>
<status status="PASS" start="2024-11-14T20:12:02.511907" elapsed="0.212430"/>
</kw>
<kw name="Go To" owner="SeleniumLibrary">
<msg time="2024-11-14T20:12:02.725335" level="INFO">Opening url 'https://automacao.qacoders.dev.br/'</msg>
<arg>url=${urlBase}</arg>
<doc>Navigates the current browser window to the provided ``url``.</doc>
<status status="PASS" start="2024-11-14T20:12:02.725335" elapsed="0.788891"/>
</kw>
<status status="PASS" start="2024-11-14T20:11:46.708168" elapsed="16.806058"/>
</kw>
<kw name="Passo 2 - Digitar um e-mail válido" owner="EmailFormatoInvalido">
<kw name="Wait Until Element Is Visible" owner="SeleniumLibrary">
<arg>locator=${emailInput}</arg>
<doc>Waits until the element ``locator`` is visible.</doc>
<status status="PASS" start="2024-11-14T20:12:03.530185" elapsed="0.523600"/>
</kw>
<kw name="Input Text" owner="SeleniumLibrary">
<msg time="2024-11-14T20:12:04.054782" level="INFO">Typing text 'sysadmin@qacoders.com' into text field 'id=email'.</msg>
<arg>locator=${emailInput}</arg>
<arg>text=${emailValido}</arg>
<doc>Types the given ``text`` into the text field identified by ``locator``.</doc>
<status status="PASS" start="2024-11-14T20:12:04.053785" elapsed="1.108038"/>
</kw>
<status status="PASS" start="2024-11-14T20:12:03.529185" elapsed="1.632638"/>
</kw>
<kw name="Passo 3 - Digitar uma senha valida" owner="EmailFormatoInvalido">
<kw name="Wait Until Element Is Visible" owner="SeleniumLibrary">
<arg>locator=${senhaInput}</arg>
<doc>Waits until the element ``locator`` is visible.</doc>
<status status="PASS" start="2024-11-14T20:12:05.167808" elapsed="0.217416"/>
</kw>
<kw name="Input Password" owner="SeleniumLibrary">
<msg time="2024-11-14T20:12:05.386220" level="INFO">Typing password into text field 'id=password'.</msg>
<msg time="2024-11-14T20:12:05.532831" level="INFO">Temporally setting log level to: NONE</msg>
<arg>locator=${senhaInput}</arg>
<arg>password=${senhaValida}</arg>
<doc>Types the given password into the text field identified by ``locator``.</doc>
<status status="PASS" start="2024-11-14T20:12:05.385224" elapsed="0.327125"/>
</kw>
<status status="PASS" start="2024-11-14T20:12:05.166809" elapsed="0.545540"/>
</kw>
<kw name="Passo 4 - clicar no botao entrar" owner="EmailFormatoInvalido">
<kw name="Wait Until Element Is Visible" owner="SeleniumLibrary">
<arg>locator=${botaoInput}</arg>
<doc>Waits until the element ``locator`` is visible.</doc>
<status status="PASS" start="2024-11-14T20:12:05.715341" elapsed="0.094746"/>
</kw>
<kw name="Click Button" owner="SeleniumLibrary">
<msg time="2024-11-14T20:12:05.811085" level="INFO">Clicking button 'id=login'.</msg>
<arg>locator=${botaoInput}</arg>
<doc>Clicks the button identified by ``locator``.</doc>
<status status="PASS" start="2024-11-14T20:12:05.811085" elapsed="0.380981"/>
</kw>
<kw name="Sleep" owner="BuiltIn">
<msg time="2024-11-14T20:12:11.192695" level="INFO">Slept 5 seconds.</msg>
<arg>5</arg>
<doc>Pauses the test executed for the given time.</doc>
<status status="PASS" start="2024-11-14T20:12:06.192066" elapsed="5.000629"/>
</kw>
<status status="PASS" start="2024-11-14T20:12:05.714343" elapsed="5.478352"/>
</kw>
<kw name="Passo 5 - Acessar Tela de Cadastro de Usuários" owner="EmailFormatoInvalido">
<kw name="Wait Until Element Is Visible" owner="SeleniumLibrary">
<arg>${CADASTROS_BUTTON}</arg>
<arg>timeout= 60s</arg>
<doc>Waits until the element ``locator`` is visible.</doc>
<status status="PASS" start="2024-11-14T20:12:11.204665" elapsed="2.080436"/>
</kw>
<kw name="Click Element" owner="SeleniumLibrary">
<msg time="2024-11-14T20:12:13.286099" level="INFO">Clicking element '//*[@id="Cadastros"]/span'.</msg>
<arg>${CADASTROS_BUTTON}</arg>
<doc>Click the element identified by ``locator``.</doc>
<status status="PASS" start="2024-11-14T20:12:13.286099" elapsed="0.191489"/>
</kw>
<kw name="Click Element" owner="SeleniumLibrary">
<msg time="2024-11-14T20:12:13.478584" level="INFO">Clicking element '//*[@id="Usuários"]/span'.</msg>
<arg>${USUARIOS_BUTTON}</arg>
<doc>Click the element identified by ``locator``.</doc>
<status status="PASS" start="2024-11-14T20:12:13.478584" elapsed="0.342090"/>
</kw>
<kw name="Wait Until Element Is Visible" owner="SeleniumLibrary">
<arg>id=edit</arg>
<arg>timeout=30</arg>
<doc>Waits until the element ``locator`` is visible.</doc>
<status status="PASS" start="2024-11-14T20:12:13.821668" elapsed="0.327125"/>
</kw>
<kw name="Click Element" owner="SeleniumLibrary">
<msg time="2024-11-14T20:12:14.149790" level="INFO">Clicking element 'id=edit'.</msg>
<arg>id=edit</arg>
<doc>Click the element identified by ``locator``.</doc>
<status status="PASS" start="2024-11-14T20:12:14.148793" elapsed="0.154586"/>
</kw>
<status status="PASS" start="2024-11-14T20:12:11.203665" elapsed="3.099714"/>
</kw>
<kw name="Passo 6 - Editar Nome e preencher o email sem @" owner="EmailFormatoInvalido">
<kw name="Input Text" owner="SeleniumLibrary">
<msg time="2024-11-14T20:12:14.306371" level="INFO">Typing text 'Nome Completo Cadastrado' into text field 'id=fullName'.</msg>
<arg>${FULL_NAME_FIELD}</arg>
<arg>${NEW_FULL_NAME}</arg>
<doc>Types the given ``text`` into the text field identified by ``locator``.</doc>
<status status="PASS" start="2024-11-14T20:12:14.305376" elapsed="0.437829"/>
</kw>
<kw name="Input Text" owner="SeleniumLibrary">
<msg time="2024-11-14T20:12:14.745205" level="INFO">Typing text 'sysadmintestetdshvsvsdvsdqacoders.com' into text field 'id=mail'.</msg>
<arg>${EMAIL_FIELD}</arg>
<arg>${EMAIL_FORMATO_INVALIDO}</arg>
<doc>Types the given ``text`` into the text field identified by ``locator``.</doc>
<status status="PASS" start="2024-11-14T20:12:14.743205" elapsed="0.339093"/>
</kw>
<status status="PASS" start="2024-11-14T20:12:14.304377" elapsed="0.778918"/>
</kw>
<kw name="Passo 7 - Clicar no Botão Salvar Alterações" owner="EmailFormatoInvalido">
<kw name="Click Button" owner="SeleniumLibrary">
<msg time="2024-11-14T20:12:15.088284" level="INFO">Clicking button 'id=save'.</msg>
<arg>${SAVE_BUTTON}</arg>
<doc>Clicks the button identified by ``locator``.</doc>
<status status="PASS" start="2024-11-14T20:12:15.087286" elapsed="0.187498"/>
</kw>
<status status="PASS" start="2024-11-14T20:12:15.086289" elapsed="0.188495"/>
</kw>
<kw name="Passo 8 - Verificar Mensagem de Erro de Email Inválido" owner="EmailFormatoInvalido">
<kw name="Wait Until Element Is Visible" owner="SeleniumLibrary">
<arg>${MENSAGEM_ERRO_EMAIL}</arg>
<arg>timeout=10s</arg>
<doc>Waits until the element ``locator`` is visible.</doc>
<status status="PASS" start="2024-11-14T20:12:15.278774" elapsed="0.075795"/>
</kw>
<kw name="Element Text Should Be" owner="SeleniumLibrary">
<msg time="2024-11-14T20:12:15.355568" level="INFO">Verifying element 'xpath=//p[@class='css-bbipig' and contains(text(), 'Email inválido')]' contains exact text 'Email inválido'.</msg>
<arg>${MENSAGEM_ERRO_EMAIL}</arg>
<arg>Email inválido</arg>
<doc>Verifies that element ``locator`` contains exact the text ``expected``.</doc>
<status status="PASS" start="2024-11-14T20:12:15.354569" elapsed="0.077791"/>
</kw>
<status status="PASS" start="2024-11-14T20:12:15.277774" elapsed="0.154586"/>
</kw>
<kw name="Fechar o navegador" owner="EmailFormatoInvalido" type="TEARDOWN">
<kw name="Close Browser" owner="SeleniumLibrary">
<doc>Closes the current browser.</doc>
<status status="PASS" start="2024-11-14T20:12:15.435353" elapsed="4.128190"/>
</kw>
<status status="PASS" start="2024-11-14T20:12:15.434356" elapsed="4.129187"/>
</kw>
<status status="PASS" start="2024-11-14T20:11:42.092504" elapsed="37.472037"/>
</test>
<status status="PASS" start="2024-11-14T20:11:42.032664" elapsed="37.533509"/>
</suite>
<suite id="s1-s2-s4" name="EmailFormatoValido" source="C:\Users\Iza Wicki\OneDrive\Documentos\RobotTestesWeb\tests\email\EmailFormatoValido.robot">
<test id="s1-s2-s4-t1" name="Cenario de teste: Editar campo &quot;E-mail&quot; no formato valido: usuario@email.com" line="9">
<kw name="Abrir o navegador" owner="EmailFormatoValido" type="SETUP">
<kw name="Open Browser" owner="SeleniumLibrary">
<msg time="2024-11-14T20:12:19.588168" level="INFO">Opening browser 'chrome' to base url 'None'.</msg>
<msg time="2024-11-14T20:12:20.765837" level="WARN">The chromedriver version (130.0.6723.58) detected in PATH at C:\Users\Iza Wicki\AppData\Local\Programs\Python\Python312\Scripts\chromedriver.exe might not be compatible with the detected chrome version (131.0.6778.69); currently, chromedriver 131.0.6778.69 is recommended for chrome 131.*, so it is advised to delete the driver in PATH and retry</msg>
<arg>browser=chrome</arg>
<doc>Opens a new browser instance to the optional ``url``.</doc>
<status status="PASS" start="2024-11-14T20:12:19.588168" elapsed="4.339212"/>
</kw>
<kw name="Maximize Browser Window" owner="SeleniumLibrary">
<doc>Maximizes current browser window.</doc>
<status status="PASS" start="2024-11-14T20:12:23.928379" elapsed="0.146606"/>
</kw>
<status status="PASS" start="2024-11-14T20:12:19.587172" elapsed="4.487813"/>
</kw>
<kw name="Passo 1 - Acessar a pagina de login" owner="EmailFormatoValido">
<kw name="Open Browser" owner="SeleniumLibrary">
<msg time="2024-11-14T20:12:24.077977" level="INFO">Opening browser 'chrome' to base url 'None'.</msg>
<msg time="2024-11-14T20:12:34.530031" level="WARN">The chromedriver version (130.0.6723.58) detected in PATH at C:\Users\Iza Wicki\AppData\Local\Programs\Python\Python312\Scripts\chromedriver.exe might not be compatible with the detected chrome version (131.0.6778.69); currently, chromedriver 131.0.6778.69 is recommended for chrome 131.*, so it is advised to delete the driver in PATH and retry</msg>
<arg>browser=chrome</arg>
<doc>Opens a new browser instance to the optional ``url``.</doc>
<status status="PASS" start="2024-11-14T20:12:24.077977" elapsed="13.663468"/>
</kw>
<kw name="Maximize Browser Window" owner="SeleniumLibrary">
<doc>Maximizes current browser window.</doc>
<status status="PASS" start="2024-11-14T20:12:37.742442" elapsed="0.129655"/>
</kw>
<kw name="Go To" owner="SeleniumLibrary">
<msg time="2024-11-14T20:12:37.873094" level="INFO">Opening url 'https://automacao.qacoders.dev.br/'</msg>
<arg>url=${urlBase}</arg>
<doc>Navigates the current browser window to the provided ``url``.</doc>
<status status="PASS" start="2024-11-14T20:12:37.873094" elapsed="0.727057"/>
</kw>
<status status="PASS" start="2024-11-14T20:12:24.076978" elapsed="14.523173"/>
</kw>
<kw name="Passo 2 - Digitar um e-mail válido" owner="EmailFormatoValido">
<kw name="Wait Until Element Is Visible" owner="SeleniumLibrary">
<arg>locator=${emailInput}</arg>
<doc>Waits until the element ``locator`` is visible.</doc>
<status status="PASS" start="2024-11-14T20:12:38.611121" elapsed="0.807840"/>
</kw>
<kw name="Input Text" owner="SeleniumLibrary">
<msg time="2024-11-14T20:12:39.419958" level="INFO">Typing text 'sysadmin@qacoders.com' into text field 'id=email'.</msg>
<arg>locator=${emailInput}</arg>
<arg>text=${emailValido}</arg>
<doc>Types the given ``text`` into the text field identified by ``locator``.</doc>
<status status="PASS" start="2024-11-14T20:12:39.418961" elapsed="0.584437"/>
</kw>
<status status="PASS" start="2024-11-14T20:12:38.610123" elapsed="1.394272"/>
</kw>
<kw name="Passo 3 - Digitar uma senha valida" owner="EmailFormatoValido">
<kw name="Wait Until Element Is Visible" owner="SeleniumLibrary">
<arg>locator=${senhaInput}</arg>
<doc>Waits until the element ``locator`` is visible.</doc>
<status status="PASS" start="2024-11-14T20:12:40.009381" elapsed="0.099735"/>
</kw>
<kw name="Input Password" owner="SeleniumLibrary">
<msg time="2024-11-14T20:12:40.110112" level="INFO">Typing password into text field 'id=password'.</msg>
<msg time="2024-11-14T20:12:40.252731" level="INFO">Temporally setting log level to: NONE</msg>
<arg>locator=${senhaInput}</arg>
<arg>password=${senhaValida}</arg>
<doc>Types the given password into the text field identified by ``locator``.</doc>
<status status="PASS" start="2024-11-14T20:12:40.109116" elapsed="0.320142"/>
</kw>
<status status="PASS" start="2024-11-14T20:12:40.008384" elapsed="0.420874"/>
</kw>
<kw name="Passo 4 - clicar no botao entrar" owner="EmailFormatoValido">
<kw name="Wait Until Element Is Visible" owner="SeleniumLibrary">
<arg>locator=${botaoInput}</arg>
<doc>Waits until the element ``locator`` is visible.</doc>
<status status="PASS" start="2024-11-14T20:12:40.431254" elapsed="0.063829"/>
</kw>
<kw name="Click Button" owner="SeleniumLibrary">
<msg time="2024-11-14T20:12:40.496081" level="INFO">Clicking button 'id=login'.</msg>
<arg>locator=${botaoInput}</arg>
<doc>Clicks the button identified by ``locator``.</doc>
<status status="PASS" start="2024-11-14T20:12:40.495083" elapsed="0.522603"/>
</kw>
<kw name="Sleep" owner="BuiltIn">
<msg time="2024-11-14T20:12:46.018313" level="INFO">Slept 5 seconds.</msg>
<arg>5</arg>
<doc>Pauses the test executed for the given time.</doc>
<status status="PASS" start="2024-11-14T20:12:41.017686" elapsed="5.000627"/>
</kw>
<status status="PASS" start="2024-11-14T20:12:40.430255" elapsed="5.588058"/>
</kw>
<kw name="Passo 5 - Acessar Tela de Cadastro de Usuários" owner="EmailFormatoValido">
<kw name="Wait Until Element Is Visible" owner="SeleniumLibrary">
<arg>${CADASTROS_BUTTON}</arg>
<arg>timeout= 60s</arg>
<doc>Waits until the element ``locator`` is visible.</doc>
<status status="PASS" start="2024-11-14T20:12:46.035270" elapsed="0.133641"/>
</kw>
<kw name="Click Element" owner="SeleniumLibrary">
<msg time="2024-11-14T20:12:46.169910" level="INFO">Clicking element '//*[@id="Cadastros"]/span'.</msg>
<arg>${CADASTROS_BUTTON}</arg>
<doc>Click the element identified by ``locator``.</doc>
<status status="PASS" start="2024-11-14T20:12:46.169910" elapsed="0.275269"/>
</kw>
<kw name="Click Element" owner="SeleniumLibrary">
<msg time="2024-11-14T20:12:46.446172" level="INFO">Clicking element '//*[@id="Usuários"]/span'.</msg>
<arg>${USUARIOS_BUTTON}</arg>
<doc>Click the element identified by ``locator``.</doc>
<status status="PASS" start="2024-11-14T20:12:46.445179" elapsed="0.356044"/>
</kw>
<kw name="Wait Until Element Is Visible" owner="SeleniumLibrary">
<arg>id=edit</arg>
<arg>timeout=30</arg>
<doc>Waits until the element ``locator`` is visible.</doc>
<status status="PASS" start="2024-11-14T20:12:46.802220" elapsed="0.462762"/>
</kw>
<kw name="Click Element" owner="SeleniumLibrary">
<msg time="2024-11-14T20:12:47.265980" level="INFO">Clicking element 'id=edit'.</msg>
<arg>id=edit</arg>
<doc>Click the element identified by ``locator``.</doc>
<status status="PASS" start="2024-11-14T20:12:47.264982" elapsed="0.556512"/>
</kw>
<status status="PASS" start="2024-11-14T20:12:46.034272" elapsed="1.787222"/>
</kw>
<kw name=" Passo 6 - Editar Nome e email valido" owner="EmailFormatoValido">
<kw name="Input Text" owner="SeleniumLibrary">
<msg time="2024-11-14T20:12:47.834458" level="INFO">Typing text 'Nome Completo Cadastrado' into text field 'id=fullName'.</msg>
<arg>${FULL_NAME_FIELD}</arg>
<arg>${NEW_FULL_NAME}</arg>
<doc>Types the given ``text`` into the text field identified by ``locator``.</doc>
<status status="PASS" start="2024-11-14T20:12:47.833462" elapsed="0.890619"/>
</kw>
<kw name="Input Text" owner="SeleniumLibrary">
<msg time="2024-11-14T20:12:48.725078" level="INFO">Typing text 'sysadmintestetdshvsvsdvsd@qacoders.com' into text field 'id=mail'.</msg>
<arg>${EMAIL_FIELD}</arg>
<arg>${NEW_EMAIL}</arg>
<doc>Types the given ``text`` into the text field identified by ``locator``.</doc>
<status status="PASS" start="2024-11-14T20:12:48.724081" elapsed="0.531577"/>
</kw>
<status status="PASS" start="2024-11-14T20:12:47.832464" elapsed="1.424193"/>
</kw>
<kw name="Passo 7 - Clicar no Botão Salvar Alterações" owner="EmailFormatoValido">
<kw name="Click Button" owner="SeleniumLibrary">
<msg time="2024-11-14T20:12:49.259650" level="INFO">Clicking button 'id=save'.</msg>
<arg>${SAVE_BUTTON}</arg>
<doc>Clicks the button identified by ``locator``.</doc>
<status status="PASS" start="2024-11-14T20:12:49.259650" elapsed="0.514623"/>
</kw>
<status status="PASS" start="2024-11-14T20:12:49.258650" elapsed="0.515623"/>
</kw>
<kw name="Fechar o navegador" owner="EmailFormatoValido" type="TEARDOWN">
<kw name="Close Browser" owner="SeleniumLibrary">
<doc>Closes the current browser.</doc>
<status status="PASS" start="2024-11-14T20:12:49.776267" elapsed="5.387594"/>
</kw>
<status status="PASS" start="2024-11-14T20:12:49.776267" elapsed="5.387594"/>
</kw>
<status status="PASS" start="2024-11-14T20:12:19.585178" elapsed="35.579682"/>
</test>
<status status="PASS" start="2024-11-14T20:12:19.569219" elapsed="35.597640"/>
</suite>
<status status="PASS" start="2024-11-14T20:10:17.630659" elapsed="157.538190"/>
</suite>
<suite id="s1-s3" name="Login" source="C:\Users\Iza Wicki\OneDrive\Documentos\RobotTestesWeb\tests\login">
<suite id="s1-s3-s1" name="LoginCamposVazio" source="C:\Users\Iza Wicki\OneDrive\Documentos\RobotTestesWeb\tests\login\LoginCamposVazio.robot">
<test id="s1-s3-s1-t1" name="Cenario de teste: Login com os campos e-mail e senha vazios" line="11">
<kw name="Abrir o navegador" owner="LoginCamposVazios" type="SETUP">
<kw name="Open Browser" owner="SeleniumLibrary">
<msg time="2024-11-14T20:12:55.205752" level="INFO">Opening browser 'chrome' to base url 'None'.</msg>
<msg time="2024-11-14T20:12:56.644902" level="WARN">The chromedriver version (130.0.6723.58) detected in PATH at C:\Users\Iza Wicki\AppData\Local\Programs\Python\Python312\Scripts\chromedriver.exe might not be compatible with the detected chrome version (131.0.6778.69); currently, chromedriver 131.0.6778.69 is recommended for chrome 131.*, so it is advised to delete the driver in PATH and retry</msg>
<arg>browser=chrome</arg>
<doc>Opens a new browser instance to the optional ``url``.</doc>
<status status="PASS" start="2024-11-14T20:12:55.204754" elapsed="4.024938"/>
</kw>
<kw name="Maximize Browser Window" owner="SeleniumLibrary">
<doc>Maximizes current browser window.</doc>
<status status="PASS" start="2024-11-14T20:12:59.230690" elapsed="0.242350"/>
</kw>
<status status="PASS" start="2024-11-14T20:12:55.203756" elapsed="4.269284"/>
</kw>
<kw name="Abrir o navegador" owner="LoginCamposVazios">
<kw name="Open Browser" owner="SeleniumLibrary">
<msg time="2024-11-14T20:12:59.478027" level="INFO">Opening browser 'chrome' to base url 'None'.</msg>
<msg time="2024-11-14T20:13:10.441713" level="WARN">The chromedriver version (130.0.6723.58) detected in PATH at C:\Users\Iza Wicki\AppData\Local\Programs\Python\Python312\Scripts\chromedriver.exe might not be compatible with the detected chrome version (131.0.6778.69); currently, chromedriver 131.0.6778.69 is recommended for chrome 131.*, so it is advised to delete the driver in PATH and retry</msg>
<arg>browser=chrome</arg>
<doc>Opens a new browser instance to the optional ``url``.</doc>
<status status="PASS" start="2024-11-14T20:12:59.478027" elapsed="14.661798"/>
</kw>
<kw name="Maximize Browser Window" owner="SeleniumLibrary">
<doc>Maximizes current browser window.</doc>
<status status="PASS" start="2024-11-14T20:13:14.140822" elapsed="0.284240"/>
</kw>
<status status="PASS" start="2024-11-14T20:12:59.477030" elapsed="14.949030"/>
</kw>
<kw name="Passo 1 - Acessar a pagina de login" owner="LoginCamposVazios">
<kw name="Go To" owner="SeleniumLibrary">
<msg time="2024-11-14T20:13:14.437031" level="INFO">Opening url 'https://automacao.qacoders.dev.br/'</msg>
<arg>url=${urlBase}</arg>
<doc>Navigates the current browser window to the provided ``url``.</doc>
<status status="PASS" start="2024-11-14T20:13:14.436034" elapsed="0.710102"/>
</kw>
<status status="PASS" start="2024-11-14T20:13:14.435038" elapsed="0.711098"/>
</kw>
<kw name="Passo 2 - Deixar o campo email vazio" owner="LoginCamposVazios">
<kw name="Wait Until Element Is Visible" owner="SeleniumLibrary">
<arg>locator=${emailInput}</arg>
<doc>Waits until the element ``locator`` is visible.</doc>
<status status="PASS" start="2024-11-14T20:13:15.152119" elapsed="0.616352"/>
</kw>
<kw name="Input Text" owner="SeleniumLibrary">
<msg time="2024-11-14T20:13:15.769468" level="INFO">Typing text '' into text field 'id=email'.</msg>
<arg>locator=${emailInput}</arg>
<arg>text=${emailVazio}</arg>
<doc>Types the given ``text`` into the text field identified by ``locator``.</doc>
<status status="PASS" start="2024-11-14T20:13:15.768471" elapsed="0.500661"/>
</kw>
<status status="PASS" start="2024-11-14T20:13:15.151123" elapsed="1.118009"/>
</kw>
<kw name="Passo 3 - Deixar o campo senha vazio" owner="LoginCamposVazios">
<kw name="Wait Until Element Is Visible" owner="SeleniumLibrary">
<arg>locator=${senhaInput}</arg>
<doc>Waits until the element ``locator`` is visible.</doc>
<status status="PASS" start="2024-11-14T20:13:16.271128" elapsed="0.063828"/>
</kw>
<kw name="Input Password" owner="SeleniumLibrary">
<msg time="2024-11-14T20:13:16.335953" level="INFO">Typing password into text field 'id=password'.</msg>
<msg time="2024-11-14T20:13:16.424715" level="INFO">Temporally setting log level to: NONE</msg>
<arg>locator=${senhaInput}</arg>
<arg>password=${senhaVazio}</arg>
<doc>Types the given password into the text field identified by ``locator``.</doc>
<status status="PASS" start="2024-11-14T20:13:16.334956" elapsed="0.301194"/>
</kw>
<status status="PASS" start="2024-11-14T20:13:16.270129" elapsed="0.366021"/>
</kw>
<kw name="Passo 4 - clicar no botao entrar" owner="LoginCamposVazios">
<kw name="Wait Until Element Is Visible" owner="SeleniumLibrary">
<arg>locator=${botaoInput}</arg>
<doc>Waits until the element ``locator`` is visible.</doc>
<status status="PASS" start="2024-11-14T20:13:16.639144" elapsed="0.051860"/>
</kw>
<kw name="Click Button" owner="SeleniumLibrary">
<msg time="2024-11-14T20:13:16.692002" level="INFO">Clicking button 'id=login'.</msg>
<arg>locator=${botaoInput}</arg>
<doc>Clicks the button identified by ``locator``.</doc>
<status status="PASS" start="2024-11-14T20:13:16.691004" elapsed="0.721072"/>
</kw>
<kw name="Sleep" owner="BuiltIn">
<msg time="2024-11-14T20:13:22.414701" level="INFO">Slept 5 seconds.</msg>
<arg>5</arg>
<doc>Pauses the test executed for the given time.</doc>
<status status="PASS" start="2024-11-14T20:13:17.413077" elapsed="5.001624"/>
</kw>
<status status="PASS" start="2024-11-14T20:13:16.638148" elapsed="5.776553"/>
</kw>
<kw name="Passo 5 -verificar mensagem de erro" owner="LoginCamposVazios">
<kw name="Wait Until Element Is Visible" owner="SeleniumLibrary">
<arg>${mensagemError}</arg>
<doc>Waits until the element ``locator`` is visible.</doc>
<status status="PASS" start="2024-11-14T20:13:22.421683" elapsed="0.230383"/>
</kw>
<kw name="Sleep" owner="BuiltIn">
<msg time="2024-11-14T20:13:27.653692" level="INFO">Slept 5 seconds.</msg>
<arg>5</arg>
<doc>Pauses the test executed for the given time.</doc>
<status status="PASS" start="2024-11-14T20:13:22.653064" elapsed="5.000628"/>
</kw>
<status status="PASS" start="2024-11-14T20:13:22.420685" elapsed="5.233007"/>
</kw>
<kw name="Fechar o navegador" owner="LoginCamposVazios" type="TEARDOWN">
<kw name="Close Browser" owner="SeleniumLibrary">
<doc>Closes the current browser.</doc>
<status status="PASS" start="2024-11-14T20:13:27.662669" elapsed="3.279846"/>
</kw>
<status status="PASS" start="2024-11-14T20:13:27.661672" elapsed="3.281690"/>
</kw>
<status status="PASS" start="2024-11-14T20:12:55.201762" elapsed="35.741600"/>
</test>
<status status="PASS" start="2024-11-14T20:12:55.177828" elapsed="35.768519"/>
</suite>
<suite id="s1-s3-s2" name="LoginEmailInvalido" source="C:\Users\Iza Wicki\OneDrive\Documentos\RobotTestesWeb\tests\login\LoginEmailInvalido.robot">
<test id="s1-s3-s2-t1" name="Cenario de teste:Login com e-mail inválido e senha válida" line="9">
<kw name="Abrir o navegador" owner="LoginEmailinvalido" type="SETUP">
<kw name="Open Browser" owner="SeleniumLibrary">
<msg time="2024-11-14T20:13:30.974272" level="INFO">Opening browser 'chrome' to base url 'None'.</msg>
<msg time="2024-11-14T20:13:32.164754" level="WARN">The chromedriver version (130.0.6723.58) detected in PATH at C:\Users\Iza Wicki\AppData\Local\Programs\Python\Python312\Scripts\chromedriver.exe might not be compatible with the detected chrome version (131.0.6778.69); currently, chromedriver 131.0.6778.69 is recommended for chrome 131.*, so it is advised to delete the driver in PATH and retry</msg>
<arg>browser=chrome</arg>
<doc>Opens a new browser instance to the optional ``url``.</doc>
<status status="PASS" start="2024-11-14T20:13:30.974272" elapsed="5.418177"/>
</kw>
<kw name="Maximize Browser Window" owner="SeleniumLibrary">
<doc>Maximizes current browser window.</doc>
<status status="PASS" start="2024-11-14T20:13:36.392449" elapsed="0.854714"/>
</kw>
<status status="PASS" start="2024-11-14T20:13:30.974272" elapsed="6.272891"/>
</kw>
<kw name="Abrir o navegador" owner="LoginEmailinvalido">
<kw name="Open Browser" owner="SeleniumLibrary">
<msg time="2024-11-14T20:13:37.250155" level="INFO">Opening browser 'chrome' to base url 'None'.</msg>
<msg time="2024-11-14T20:13:51.779307" level="WARN">The chromedriver version (130.0.6723.58) detected in PATH at C:\Users\Iza Wicki\AppData\Local\Programs\Python\Python312\Scripts\chromedriver.exe might not be compatible with the detected chrome version (131.0.6778.69); currently, chromedriver 131.0.6778.69 is recommended for chrome 131.*, so it is advised to delete the driver in PATH and retry</msg>
<arg>browser=chrome</arg>
<doc>Opens a new browser instance to the optional ``url``.</doc>
<status status="PASS" start="2024-11-14T20:13:37.250155" elapsed="18.675068"/>
</kw>
<kw name="Maximize Browser Window" owner="SeleniumLibrary">
<doc>Maximizes current browser window.</doc>
<status status="PASS" start="2024-11-14T20:13:55.925223" elapsed="0.145609"/>
</kw>
<status status="PASS" start="2024-11-14T20:13:37.249168" elapsed="18.822662"/>
</kw>
<kw name="Passo 1 - Acessar a pagina de login" owner="LoginEmailinvalido">
<kw name="Open Browser" owner="SeleniumLibrary">
<msg time="2024-11-14T20:13:56.077815" level="INFO">Opening browser 'chrome' to base url 'None'.</msg>
<msg time="2024-11-14T20:14:12.148845" level="WARN">The chromedriver version (130.0.6723.58) detected in PATH at C:\Users\Iza Wicki\AppData\Local\Programs\Python\Python312\Scripts\chromedriver.exe might not be compatible with the detected chrome version (131.0.6778.69); currently, chromedriver 131.0.6778.69 is recommended for chrome 131.*, so it is advised to delete the driver in PATH and retry</msg>
<arg>browser=chrome</arg>
<doc>Opens a new browser instance to the optional ``url``.</doc>
<status status="PASS" start="2024-11-14T20:13:56.076817" elapsed="19.513743"/>
</kw>
<kw name="Maximize Browser Window" owner="SeleniumLibrary">
<doc>Maximizes current browser window.</doc>
<status status="PASS" start="2024-11-14T20:14:15.591557" elapsed="0.247338"/>
</kw>
<kw name="Go To" owner="SeleniumLibrary">
<msg time="2024-11-14T20:14:15.839896" level="INFO">Opening url 'https://automacao.qacoders.dev.br/'</msg>
<arg>url=${urlBase}</arg>
<doc>Navigates the current browser window to the provided ``url``.</doc>
<status status="PASS" start="2024-11-14T20:14:15.839896" elapsed="0.811826"/>
</kw>
<status status="PASS" start="2024-11-14T20:13:56.075819" elapsed="20.576901"/>
</kw>
<kw name="Passo 2 - Digitar um e-mail inválido e verificar a mensagem de erro" owner="LoginEmailinvalido">
<kw name="Wait Until Element Is Visible" owner="SeleniumLibrary">
<arg>locator=${emailInput}</arg>
<doc>Waits until the element ``locator`` is visible.</doc>
<status status="PASS" start="2024-11-14T20:14:16.653717" elapsed="1.061163"/>
</kw>
<kw name="Input Text" owner="SeleniumLibrary">
<msg time="2024-11-14T20:14:17.715876" level="INFO">Typing text 'jjjj' into text field 'id=email'.</msg>
<arg>locator=${emailInput}</arg>
<arg>text=${emailInvalido}</arg>
<doc>Types the given ``text`` into the text field identified by ``locator``.</doc>
<status status="PASS" start="2024-11-14T20:14:17.714880" elapsed="1.142944"/>
</kw>
<kw name="Wait Until Element Is Visible" owner="SeleniumLibrary">
<arg>${mensagemErroLocator}</arg>
<doc>Waits until the element ``locator`` is visible.</doc>
<status status="PASS" start="2024-11-14T20:14:18.857824" elapsed="0.059839"/>
</kw>
<kw name="Element Text Should Be" owner="SeleniumLibrary">
<msg time="2024-11-14T20:14:18.918661" level="INFO">Verifying element 'css=p.css-18xtib3' contains exact text 'Digite um email válido'.</msg>
<arg>${mensagemErroLocator}</arg>
<arg>${mensagemErro}</arg>
<doc>Verifies that element ``locator`` contains exact the text ``expected``.</doc>
<status status="PASS" start="2024-11-14T20:14:18.918661" elapsed="0.076794"/>
</kw>
<kw name="Sleep" owner="BuiltIn">
<msg time="2024-11-14T20:14:28.996717" level="INFO">Slept 10 seconds.</msg>
<arg>10</arg>
<doc>Pauses the test executed for the given time.</doc>
<status status="PASS" start="2024-11-14T20:14:18.995455" elapsed="10.001262"/>
</kw>
<status status="PASS" start="2024-11-14T20:14:16.652720" elapsed="12.343997"/>
</kw>
<kw name="Passo 3 - Digitar uma senha válida" owner="LoginEmailinvalido">
<kw name="Wait Until Element Is Visible" owner="SeleniumLibrary">
<arg>locator=${senhaInput}</arg>
<doc>Waits until the element ``locator`` is visible.</doc>
<status status="PASS" start="2024-11-14T20:14:28.998710" elapsed="0.063829"/>
</kw>
<kw name="Input Password" owner="SeleniumLibrary">
<msg time="2024-11-14T20:14:29.064535" level="INFO">Typing password into text field 'id=password'.</msg>
<msg time="2024-11-14T20:14:29.205157" level="INFO">Temporally setting log level to: NONE</msg>
<arg>locator=${senhaInput}</arg>
<arg>password=${senhaValida}</arg>
<doc>Types the given password into the text field identified by ``locator``.</doc>
<status status="PASS" start="2024-11-14T20:14:29.063537" elapsed="0.320143"/>
</kw>
<kw name="Sleep" owner="BuiltIn">
<msg time="2024-11-14T20:14:34.385312" level="INFO">Slept 5 seconds.</msg>
<arg>5</arg>
<doc>Pauses the test executed for the given time.</doc>
<status status="PASS" start="2024-11-14T20:14:29.383680" elapsed="5.001632"/>
</kw>
<status status="PASS" start="2024-11-14T20:14:28.997713" elapsed="5.387599"/>
</kw>
<kw name="Passo 4 - clicar no botao entrar" owner="LoginEmailinvalido">
<kw name="Wait Until Element Is Visible" owner="SeleniumLibrary">
<arg>locator=${botaoInput}</arg>
<doc>Waits until the element ``locator`` is visible.</doc>
<status status="PASS" start="2024-11-14T20:14:34.387303" elapsed="0.101727"/>
</kw>
<kw name="Click Button" owner="SeleniumLibrary">
<msg time="2024-11-14T20:14:34.490028" level="INFO">Clicking button 'id=login'.</msg>
<arg>locator=${botaoInput}</arg>
<doc>Clicks the button identified by ``locator``.</doc>
<status status="PASS" start="2024-11-14T20:14:34.490028" elapsed="0.198470"/>
</kw>
<kw name="Sleep" owner="BuiltIn">
<msg time="2024-11-14T20:14:39.690308" level="INFO">Slept 5 seconds.</msg>
<arg>5</arg>
<doc>Pauses the test executed for the given time.</doc>
<status status="PASS" start="2024-11-14T20:14:34.688498" elapsed="5.001810"/>
</kw>
<status status="PASS" start="2024-11-14T20:14:34.386306" elapsed="5.304002"/>
</kw>
<kw name="Fechar o Navegador" owner="LoginEmailinvalido">
<kw name="Close Browser" owner="SeleniumLibrary">
<doc>Closes the current browser.</doc>
<status status="PASS" start="2024-11-14T20:14:39.692302" elapsed="2.567848"/>
</kw>
<status status="PASS" start="2024-11-14T20:14:39.691305" elapsed="2.569800"/>
</kw>
<kw name="Fechar o Navegador" owner="LoginEmailinvalido" type="TEARDOWN">
<kw name="Close Browser" owner="SeleniumLibrary">
<doc>Closes the current browser.</doc>
<status status="PASS" start="2024-11-14T20:14:42.262104" elapsed="0.000996"/>
</kw>
<status status="PASS" start="2024-11-14T20:14:42.262104" elapsed="0.000996"/>
</kw>
<status status="PASS" start="2024-11-14T20:13:30.972278" elapsed="71.291483"/>
</test>
<status status="PASS" start="2024-11-14T20:13:30.949339" elapsed="71.316485"/>
</suite>
<suite id="s1-s3-s3" name="Loginsenhaincorreta" source="C:\Users\Iza Wicki\OneDrive\Documentos\RobotTestesWeb\tests\login\Loginsenhaincorreta.robot">
<test id="s1-s3-s3-t1" name="Cenario de teste: Login com e-mail válido e senha inválida" line="9">
<kw name="Abrir o navegador" owner="Loginsenhaincorreta" type="SETUP">
<kw name="Open Browser" owner="SeleniumLibrary">
<msg time="2024-11-14T20:14:42.286794" level="INFO">Opening browser 'chrome' to base url 'None'.</msg>
<msg time="2024-11-14T20:14:43.486006" level="WARN">The chromedriver version (130.0.6723.58) detected in PATH at C:\Users\Iza Wicki\AppData\Local\Programs\Python\Python312\Scripts\chromedriver.exe might not be compatible with the detected chrome version (131.0.6778.69); currently, chromedriver 131.0.6778.69 is recommended for chrome 131.*, so it is advised to delete the driver in PATH and retry</msg>
<arg>browser=chrome</arg>
<doc>Opens a new browser instance to the optional ``url``.</doc>
<status status="PASS" start="2024-11-14T20:14:42.286794" elapsed="4.160295"/>
</kw>
<kw name="Maximize Browser Window" owner="SeleniumLibrary">
<doc>Maximizes current browser window.</doc>
<status status="PASS" start="2024-11-14T20:14:46.449085" elapsed="0.197477"/>
</kw>
<status status="PASS" start="2024-11-14T20:14:42.285774" elapsed="4.361786"/>
</kw>
<kw name="Abrir o navegador" owner="Loginsenhaincorreta">
<kw name="Open Browser" owner="SeleniumLibrary">
<msg time="2024-11-14T20:14:46.649549" level="INFO">Opening browser 'chrome' to base url 'None'.</msg>
<msg time="2024-11-14T20:14:48.973335" level="WARN">The chromedriver version (130.0.6723.58) detected in PATH at C:\Users\Iza Wicki\AppData\Local\Programs\Python\Python312\Scripts\chromedriver.exe might not be compatible with the detected chrome version (131.0.6778.69); currently, chromedriver 131.0.6778.69 is recommended for chrome 131.*, so it is advised to delete the driver in PATH and retry</msg>
<arg>browser=chrome</arg>
<doc>Opens a new browser instance to the optional ``url``.</doc>
<status status="PASS" start="2024-11-14T20:14:46.649549" elapsed="5.812459"/>
</kw>
<kw name="Maximize Browser Window" owner="SeleniumLibrary">
<doc>Maximizes current browser window.</doc>
<status status="PASS" start="2024-11-14T20:14:52.462008" elapsed="0.127659"/>
</kw>
<status status="PASS" start="2024-11-14T20:14:46.648551" elapsed="5.941116"/>
</kw>
<kw name="Passo 1 - Acessar a pagina de login" owner="Loginsenhaincorreta">
<kw name="Open Browser" owner="SeleniumLibrary">
<msg time="2024-11-14T20:14:52.600637" level="INFO">Opening browser 'chrome' to base url 'None'.</msg>
<msg time="2024-11-14T20:15:05.298684" level="WARN">The chromedriver version (130.0.6723.58) detected in PATH at C:\Users\Iza Wicki\AppData\Local\Programs\Python\Python312\Scripts\chromedriver.exe might not be compatible with the detected chrome version (131.0.6778.69); currently, chromedriver 131.0.6778.69 is recommended for chrome 131.*, so it is advised to delete the driver in PATH and retry</msg>
<arg>browser=chrome</arg>
<doc>Opens a new browser instance to the optional ``url``.</doc>
<status status="PASS" start="2024-11-14T20:14:52.599640" elapsed="17.802399"/>
</kw>
<kw name="Maximize Browser Window" owner="SeleniumLibrary">
<doc>Maximizes current browser window.</doc>
<status status="PASS" start="2024-11-14T20:15:10.403039" elapsed="0.866681"/>
</kw>
<kw name="Go To" owner="SeleniumLibrary">
<msg time="2024-11-14T20:15:11.269720" level="INFO">Opening url 'https://automacao.qacoders.dev.br/'</msg>
<arg>url=${urlBase}</arg>
<doc>Navigates the current browser window to the provided ``url``.</doc>
<status status="PASS" start="2024-11-14T20:15:11.269720" elapsed="0.867679"/>
</kw>
<status status="PASS" start="2024-11-14T20:14:52.598649" elapsed="19.539749"/>
</kw>
<kw name="Passo 2 - Digitar um e-mail válido" owner="Loginsenhaincorreta">
<kw name="Wait Until Element Is Visible" owner="SeleniumLibrary">
<arg>locator=${emailInput}</arg>
<doc>Waits until the element ``locator`` is visible.</doc>
<status status="PASS" start="2024-11-14T20:15:12.150366" elapsed="0.446807"/>
</kw>
<kw name="Input Text" owner="SeleniumLibrary">
<msg time="2024-11-14T20:15:12.598170" level="INFO">Typing text 'sysadmin@qacoders.com' into text field 'id=email'.</msg>
<arg>locator=${emailInput}</arg>
<arg>text=${emailValido}</arg>
<doc>Types the given ``text`` into the text field identified by ``locator``.</doc>
<status status="PASS" start="2024-11-14T20:15:12.597173" elapsed="1.749321"/>
</kw>
<status status="PASS" start="2024-11-14T20:15:12.149370" elapsed="2.197124"/>
</kw>
<kw name="Passo 3 - digitar uma senha incorreta" owner="Loginsenhaincorreta">
<kw name="Wait Until Element Is Visible" owner="SeleniumLibrary">
<arg>locator=${senhaInput}</arg>
<doc>Waits until the element ``locator`` is visible.</doc>
<status status="PASS" start="2024-11-14T20:15:14.355470" elapsed="0.232381"/>
</kw>
<kw name="Input Password" owner="SeleniumLibrary">
<msg time="2024-11-14T20:15:14.588846" level="INFO">Typing password into text field 'id=password'.</msg>
<msg time="2024-11-14T20:15:15.698879" level="INFO">Temporally setting log level to: NONE</msg>
<arg>locator=${senhaInput}</arg>
<arg>password=${senhaIncorreta}</arg>
<doc>Types the given password into the text field identified by ``locator``.</doc>
<status status="PASS" start="2024-11-14T20:15:14.588846" elapsed="1.572796"/>
</kw>
<status status="PASS" start="2024-11-14T20:15:14.355470" elapsed="1.806172"/>
</kw>
<kw name="Passo 5 - clicar no botao entrar" owner="Loginsenhaincorreta">
<kw name="Wait Until Element Is Visible" owner="SeleniumLibrary">
<arg>locator=${botaoInput}</arg>
<doc>Waits until the element ``locator`` is visible.</doc>
<status status="PASS" start="2024-11-14T20:15:16.163635" elapsed="0.045879"/>
</kw>
<kw name="Click Button" owner="SeleniumLibrary">
<msg time="2024-11-14T20:15:16.210510" level="INFO">Clicking button 'id=login'.</msg>
<arg>locator=${botaoInput}</arg>
<doc>Clicks the button identified by ``locator``.</doc>
<status status="PASS" start="2024-11-14T20:15:16.210510" elapsed="0.284241"/>
</kw>
<kw name="Sleep" owner="BuiltIn">
<msg time="2024-11-14T20:15:21.496376" level="INFO">Slept 5 seconds.</msg>
<arg>5</arg>
<doc>Pauses the test executed for the given time.</doc>
<status status="PASS" start="2024-11-14T20:15:16.494751" elapsed="5.001625"/>
</kw>
<status status="PASS" start="2024-11-14T20:15:16.162642" elapsed="5.333734"/>
</kw>
<kw name="Passo 6 -verificar se um simbolo ou mensagem de erro aparece" owner="Loginsenhaincorreta">
<kw name="Wait Until Element Is Visible" owner="SeleniumLibrary">
<arg>${simboloErro}</arg>
<doc>Waits until the element ``locator`` is visible.</doc>
<status status="PASS" start="2024-11-14T20:15:21.498371" elapsed="0.166556"/>
</kw>
<kw name="Sleep" owner="BuiltIn">
<msg time="2024-11-14T20:15:26.665556" level="INFO">Slept 5 seconds.</msg>
<arg>5</arg>
<doc>Pauses the test executed for the given time.</doc>
<status status="PASS" start="2024-11-14T20:15:21.664927" elapsed="5.000629"/>
</kw>
<status status="PASS" start="2024-11-14T20:15:21.498371" elapsed="5.167185"/>
</kw>
<kw name="Fechar o navegador" owner="Loginsenhaincorreta">
[...]
<kw name="Wait Until Element Is Visible" owner="SeleniumLibrary">
<arg>locator=${emailInput}</arg>
<doc>Waits until the element ``locator`` is visible.</doc>
<status status="PASS" start="2024-11-14T20:18:18.398681" elapsed="0.710327"/>
</kw>
<kw name="Input Text" owner="SeleniumLibrary">
<msg time="2024-11-14T20:18:19.111005" level="INFO">Typing text 'sysadmin@qacoders.com' into text field 'id=email'.</msg>
<arg>locator=${emailInput}</arg>
<arg>text=${emailValido}</arg>
<doc>Types the given ``text`` into the text field identified by ``locator``.</doc>
<status status="PASS" start="2024-11-14T20:18:19.110008" elapsed="1.166304"/>
</kw>
<status status="PASS" start="2024-11-14T20:18:18.397683" elapsed="1.878629"/>
</kw>
<kw name="Passo 3 - Digitar uma senha valida" owner="EditarNomeVazio">
<kw name="Wait Until Element Is Visible" owner="SeleniumLibrary">
<arg>locator=${senhaInput}</arg>
<doc>Waits until the element ``locator`` is visible.</doc>
<status status="PASS" start="2024-11-14T20:18:20.279305" elapsed="0.150369"/>
</kw>
<kw name="Input Password" owner="SeleniumLibrary">
<msg time="2024-11-14T20:18:20.431669" level="INFO">Typing password into text field 'id=password'.</msg>
<msg time="2024-11-14T20:18:20.707722" level="INFO">Temporally setting log level to: NONE</msg>
<arg>locator=${senhaInput}</arg>
<arg>password=${senhaValida}</arg>
<doc>Types the given password into the text field identified by ``locator``.</doc>
<status status="PASS" start="2024-11-14T20:18:20.430672" elapsed="0.889621"/>
</kw>
<status status="PASS" start="2024-11-14T20:18:20.279305" elapsed="1.040988"/>
</kw>
<kw name="Passo 4 - clicar no botao entrar" owner="EditarNomeVazio">
<kw name="Wait Until Element Is Visible" owner="SeleniumLibrary">
<arg>locator=${botaoInput}</arg>
<doc>Waits until the element ``locator`` is visible.</doc>
<status status="PASS" start="2024-11-14T20:18:21.326462" elapsed="0.181503"/>
</kw>
<kw name="Click Button" owner="SeleniumLibrary">
<msg time="2024-11-14T20:18:21.508969" level="INFO">Clicking button 'id=login'.</msg>
<arg>locator=${botaoInput}</arg>
<doc>Clicks the button identified by ``locator``.</doc>
<status status="PASS" start="2024-11-14T20:18:21.508969" elapsed="0.523252"/>
</kw>
<kw name="Sleep" owner="BuiltIn">
<msg time="2024-11-14T20:18:27.032709" level="INFO">Slept 5 seconds.</msg>
<arg>5</arg>
<doc>Pauses the test executed for the given time.</doc>
<status status="PASS" start="2024-11-14T20:18:22.032221" elapsed="5.000488"/>
</kw>
<status status="PASS" start="2024-11-14T20:18:21.325463" elapsed="5.707246"/>
</kw>
<kw name="Passo 5 - Acessar Tela de Cadastro de Usuários" owner="EditarNomeVazio">
<kw name="Wait Until Element Is Visible" owner="SeleniumLibrary">
<arg>${CADASTROS_BUTTON}</arg>
<arg>timeout= 60s</arg>
<doc>Waits until the element ``locator`` is visible.</doc>
<status status="PASS" start="2024-11-14T20:18:27.059163" elapsed="1.683791"/>
</kw>
<kw name="Click Element" owner="SeleniumLibrary">
<msg time="2024-11-14T20:18:28.743952" level="INFO">Clicking element '//*[@id="Cadastros"]/span'.</msg>
<arg>${CADASTROS_BUTTON}</arg>
<doc>Click the element identified by ``locator``.</doc>
<status status="PASS" start="2024-11-14T20:18:28.743952" elapsed="4.650586"/>
</kw>
<kw name="Click Element" owner="SeleniumLibrary">
<msg time="2024-11-14T20:18:33.394898" level="INFO">Clicking element '//*[@id="Usuários"]/span'.</msg>
<arg>${USUARIOS_BUTTON}</arg>
<doc>Click the element identified by ``locator``.</doc>
<status status="PASS" start="2024-11-14T20:18:33.394898" elapsed="0.332529"/>
</kw>
<kw name="Wait Until Element Is Visible" owner="SeleniumLibrary">
<arg>id=edit</arg>
<arg>timeout=30</arg>
<doc>Waits until the element ``locator`` is visible.</doc>
<status status="PASS" start="2024-11-14T20:18:33.728423" elapsed="0.318329"/>
</kw>
<kw name="Click Element" owner="SeleniumLibrary">
<msg time="2024-11-14T20:18:34.047747" level="INFO">Clicking element 'id=edit'.</msg>
<arg>id=edit</arg>
<doc>Click the element identified by ``locator``.</doc>
<status status="PASS" start="2024-11-14T20:18:34.046752" elapsed="0.174736"/>
</kw>
<status status="PASS" start="2024-11-14T20:18:27.059163" elapsed="7.162325"/>
</kw>
<kw name="Passo 6 - Editar Nome e Email" owner="EditarNomeVazio">
<kw name="Input Text" owner="SeleniumLibrary">
<msg time="2024-11-14T20:18:34.226475" level="INFO">Typing text '' into text field 'id=fullName'.</msg>
<arg>${FULL_NAME_FIELD}</arg>
<arg>${EMPTY}</arg>
<doc>Types the given ``text`` into the text field identified by ``locator``.</doc>
<status status="PASS" start="2024-11-14T20:18:34.224480" elapsed="0.470464"/>
</kw>
<kw name="Input Text" owner="SeleniumLibrary">
<msg time="2024-11-14T20:18:34.697936" level="INFO">Typing text 'sysadmintestetdshvsvsd' into text field 'id=mail'.</msg>
<arg>${EMAIL_FIELD}</arg>
<arg>${NEW_EMAIL}</arg>
<doc>Types the given ``text`` into the text field identified by ``locator``.</doc>
<status status="PASS" start="2024-11-14T20:18:34.694944" elapsed="0.380663"/>
</kw>
<status status="PASS" start="2024-11-14T20:18:34.223484" elapsed="0.852123"/>
</kw>
<kw name="Passo 7 - Clicar no Botão Salvar Alterações" owner="EditarNomeVazio">
<kw name="Click Button" owner="SeleniumLibrary">
<msg time="2024-11-14T20:18:35.088857" level="INFO">Clicking button 'id=save'.</msg>
<arg>${SAVE_BUTTON}</arg>
<doc>Clicks the button identified by ``locator``.</doc>
<status status="PASS" start="2024-11-14T20:18:35.088857" elapsed="0.151542"/>
</kw>
<kw name="Sleep" owner="BuiltIn">
<msg time="2024-11-14T20:18:40.241630" level="INFO">Slept 5 seconds.</msg>
<arg>5</arg>
<doc>Pauses the test executed for the given time.</doc>
<status status="PASS" start="2024-11-14T20:18:35.241396" elapsed="5.000234"/>
</kw>
<status status="PASS" start="2024-11-14T20:18:35.087863" elapsed="5.153767"/>
</kw>
<status status="PASS" start="2024-11-14T20:18:13.075590" elapsed="27.167045"/>
</test>
<status status="PASS" start="2024-11-14T20:18:13.047666" elapsed="27.196961"/>
</suite>
<status status="PASS" start="2024-11-14T20:16:12.001582" elapsed="148.246104"/>
</suite>
<status status="PASS" start="2024-11-14T20:09:01.820535" elapsed="578.433136"/>
</suite>
<statistics>
<total>
<stat pass="13" fail="0" skip="0">All Tests</stat>
</total>
<tag>
</tag>
<suite>
<stat pass="13" fail="0" skip="0" id="s1" name="Tests">Tests</stat>
<stat pass="2" fail="0" skip="0" id="s1-s1" name="Cadastro Usuario">Tests.Cadastro Usuario</stat>
<stat pass="1" fail="0" skip="0" id="s1-s1-s1" name="DeixarCamposVaziosCancelar">Tests.Cadastro Usuario.DeixarCamposVaziosCancelar</stat>
<stat pass="1" fail="0" skip="0" id="s1-s1-s2" name="EditarCadastroUser copy">Tests.Cadastro Usuario.EditarCadastroUser copy</stat>
<stat pass="4" fail="0" skip="0" id="s1-s2" name="Email">Tests.Email</stat>
<stat pass="1" fail="0" skip="0" id="s1-s2-s1" name="EmailComEspaços">Tests.Email.EmailComEspaços</stat>
<stat pass="1" fail="0" skip="0" id="s1-s2-s2" name="EmailFomatoValidoBR">Tests.Email.EmailFomatoValidoBR</stat>
<stat pass="1" fail="0" skip="0" id="s1-s2-s3" name="EmailFormatoInvalido">Tests.Email.EmailFormatoInvalido</stat>
<stat pass="1" fail="0" skip="0" id="s1-s2-s4" name="EmailFormatoValido">Tests.Email.EmailFormatoValido</stat>
<stat pass="4" fail="0" skip="0" id="s1-s3" name="Login">Tests.Login</stat>
<stat pass="1" fail="0" skip="0" id="s1-s3-s1" name="LoginCamposVazio">Tests.Login.LoginCamposVazio</stat>
<stat pass="1" fail="0" skip="0" id="s1-s3-s2" name="LoginEmailInvalido">Tests.Login.LoginEmailInvalido</stat>
<stat pass="1" fail="0" skip="0" id="s1-s3-s3" name="Loginsenhaincorreta">Tests.Login.Loginsenhaincorreta</stat>
<stat pass="1" fail="0" skip="0" id="s1-s3-s4" name="Tests">Tests.Login.Tests</stat>
<stat pass="3" fail="0" skip="0" id="s1-s4" name="Nome Usuario">Tests.Nome Usuario</stat>
<stat pass="1" fail="0" skip="0" id="s1-s4-s1" name="EditarNomeCaractersNumeros">Tests.Nome Usuario.EditarNomeCaractersNumeros</stat>
<stat pass="1" fail="0" skip="0" id="s1-s4-s2" name="EditarNomeUmaPalavra">Tests.Nome Usuario.EditarNomeUmaPalavra</stat>
<stat pass="1" fail="0" skip="0" id="s1-s4-s3" name="EditarNomeVazio">Tests.Nome Usuario.EditarNomeVazio</stat>
</suite>
</statistics>
<errors>
<msg time="2024-11-14T20:09:04.629119" level="WARN">The chromedriver version (130.0.6723.58) detected in PATH at C:\Users\Iza Wicki\AppData\Local\Programs\Python\Python312\Scripts\chromedriver.exe might not be compatible with the detected chrome version (131.0.6778.69); currently, chromedriver 131.0.6778.69 is recommended for chrome 131.*, so it is advised to delete the driver in PATH and retry</msg>
<msg time="2024-11-14T20:09:18.944257" level="WARN">The chromedriver version (130.0.6723.58) detected in PATH at C:\Users\Iza Wicki\AppData\Local\Programs\Python\Python312\Scripts\chromedriver.exe might not be compatible with the detected chrome version (131.0.6778.69); currently, chromedriver 131.0.6778.69 is recommended for chrome 131.*, so it is advised to delete the driver in PATH and retry</msg>
<msg time="2024-11-14T20:09:40.577912" level="WARN">The chromedriver version (130.0.6723.58) detected in PATH at C:\Users\Iza Wicki\AppData\Local\Programs\Python\Python312\Scripts\chromedriver.exe might not be compatible with the detected chrome version (131.0.6778.69); currently, chromedriver 131.0.6778.69 is recommended for chrome 131.*, so it is advised to delete the driver in PATH and retry</msg>
<msg time="2024-11-14T20:09:52.647019" level="WARN">The chromedriver version (130.0.6723.58) detected in PATH at C:\Users\Iza Wicki\AppData\Local\Programs\Python\Python312\Scripts\chromedriver.exe might not be compatible with the detected chrome version (131.0.6778.69); currently, chromedriver 131.0.6778.69 is recommended for chrome 131.*, so it is advised to delete the driver in PATH and retry</msg>
<msg time="2024-11-14T20:10:18.801929" level="WARN">The chromedriver version (130.0.6723.58) detected in PATH at C:\Users\Iza Wicki\AppData\Local\Programs\Python\Python312\Scripts\chromedriver.exe might not be compatible with the detected chrome version (131.0.6778.69); currently, chromedriver 131.0.6778.69 is recommended for chrome 131.*, so it is advised to delete the driver in PATH and retry</msg>
<msg time="2024-11-14T20:10:32.190863" level="WARN">The chromedriver version (130.0.6723.58) detected in PATH at C:\Users\Iza Wicki\AppData\Local\Programs\Python\Python312\Scripts\chromedriver.exe might not be compatible with the detected chrome version (131.0.6778.69); currently, chromedriver 131.0.6778.69 is recommended for chrome 131.*, so it is advised to delete the driver in PATH and retry</msg>
<msg time="2024-11-14T20:11:04.843427" level="WARN">The chromedriver version (130.0.6723.58) detected in PATH at C:\Users\Iza Wicki\AppData\Local\Programs\Python\Python312\Scripts\chromedriver.exe might not be compatible with the detected chrome version (131.0.6778.69); currently, chromedriver 131.0.6778.69 is recommended for chrome 131.*, so it is advised to delete the driver in PATH and retry</msg>
<msg time="2024-11-14T20:11:18.411816" level="WARN">The chromedriver version (130.0.6723.58) detected in PATH at C:\Users\Iza Wicki\AppData\Local\Programs\Python\Python312\Scripts\chromedriver.exe might not be compatible with the detected chrome version (131.0.6778.69); currently, chromedriver 131.0.6778.69 is recommended for chrome 131.*, so it is advised to delete the driver in PATH and retry</msg>
<msg time="2024-11-14T20:11:43.752065" level="WARN">The chromedriver version (130.0.6723.58) detected in PATH at C:\Users\Iza Wicki\AppData\Local\Programs\Python\Python312\Scripts\chromedriver.exe might not be compatible with the detected chrome version (131.0.6778.69); currently, chromedriver 131.0.6778.69 is recommended for chrome 131.*, so it is advised to delete the driver in PATH and retry</msg>
<msg time="2024-11-14T20:11:59.166851" level="WARN">The chromedriver version (130.0.6723.58) detected in PATH at C:\Users\Iza Wicki\AppData\Local\Programs\Python\Python312\Scripts\chromedriver.exe might not be compatible with the detected chrome version (131.0.6778.69); currently, chromedriver 131.0.6778.69 is recommended for chrome 131.*, so it is advised to delete the driver in PATH and retry</msg>
<msg time="2024-11-14T20:12:20.765837" level="WARN">The chromedriver version (130.0.6723.58) detected in PATH at C:\Users\Iza Wicki\AppData\Local\Programs\Python\Python312\Scripts\chromedriver.exe might not be compatible with the detected chrome version (131.0.6778.69); currently, chromedriver 131.0.6778.69 is recommended for chrome 131.*, so it is advised to delete the driver in PATH and retry</msg>
<msg time="2024-11-14T20:12:34.530031" level="WARN">The chromedriver version (130.0.6723.58) detected in PATH at C:\Users\Iza Wicki\AppData\Local\Programs\Python\Python312\Scripts\chromedriver.exe might not be compatible with the detected chrome version (131.0.6778.69); currently, chromedriver 131.0.6778.69 is recommended for chrome 131.*, so it is advised to delete the driver in PATH and retry</msg>
<msg time="2024-11-14T20:12:56.644902" level="WARN">The chromedriver version (130.0.6723.58) detected in PATH at C:\Users\Iza Wicki\AppData\Local\Programs\Python\Python312\Scripts\chromedriver.exe might not be compatible with the detected chrome version (131.0.6778.69); currently, chromedriver 131.0.6778.69 is recommended for chrome 131.*, so it is advised to delete the driver in PATH and retry</msg>
<msg time="2024-11-14T20:13:10.441713" level="WARN">The chromedriver version (130.0.6723.58) detected in PATH at C:\Users\Iza Wicki\AppData\Local\Programs\Python\Python312\Scripts\chromedriver.exe might not be compatible with the detected chrome version (131.0.6778.69); currently, chromedriver 131.0.6778.69 is recommended for chrome 131.*, so it is advised to delete the driver in PATH and retry</msg>
<msg time="2024-11-14T20:13:32.164754" level="WARN">The chromedriver version (130.0.6723.58) detected in PATH at C:\Users\Iza Wicki\AppData\Local\Programs\Python\Python312\Scripts\chromedriver.exe might not be compatible with the detected chrome version (131.0.6778.69); currently, chromedriver 131.0.6778.69 is recommended for chrome 131.*, so it is advised to delete the driver in PATH and retry</msg>
<msg time="2024-11-14T20:13:51.779307" level="WARN">The chromedriver version (130.0.6723.58) detected in PATH at C:\Users\Iza Wicki\AppData\Local\Programs\Python\Python312\Scripts\chromedriver.exe might not be compatible with the detected chrome version (131.0.6778.69); currently, chromedriver 131.0.6778.69 is recommended for chrome 131.*, so it is advised to delete the driver in PATH and retry</msg>
<msg time="2024-11-14T20:14:12.148845" level="WARN">The chromedriver version (130.0.6723.58) detected in PATH at C:\Users\Iza Wicki\AppData\Local\Programs\Python\Python312\Scripts\chromedriver.exe might not be compatible with the detected chrome version (131.0.6778.69); currently, chromedriver 131.0.6778.69 is recommended for chrome 131.*, so it is advised to delete the driver in PATH and retry</msg>
<msg time="2024-11-14T20:14:43.486006" level="WARN">The chromedriver version (130.0.6723.58) detected in PATH at C:\Users\Iza Wicki\AppData\Local\Programs\Python\Python312\Scripts\chromedriver.exe might not be compatible with the detected chrome version (131.0.6778.69); currently, chromedriver 131.0.6778.69 is recommended for chrome 131.*, so it is advised to delete the driver in PATH and retry</msg>
<msg time="2024-11-14T20:14:48.973335" level="WARN">The chromedriver version (130.0.6723.58) detected in PATH at C:\Users\Iza Wicki\AppData\Local\Programs\Python\Python312\Scripts\chromedriver.exe might not be compatible with the detected chrome version (131.0.6778.69); currently, chromedriver 131.0.6778.69 is recommended for chrome 131.*, so it is advised to delete the driver in PATH and retry</msg>
<msg time="2024-11-14T20:15:05.298684" level="WARN">The chromedriver version (130.0.6723.58) detected in PATH at C:\Users\Iza Wicki\AppData\Local\Programs\Python\Python312\Scripts\chromedriver.exe might not be compatible with the detected chrome version (131.0.6778.69); currently, chromedriver 131.0.6778.69 is recommended for chrome 131.*, so it is advised to delete the driver in PATH and retry</msg>
<msg time="2024-11-14T20:15:32.762240" level="WARN">The chromedriver version (130.0.6723.58) detected in PATH at C:\Users\Iza Wicki\AppData\Local\Programs\Python\Python312\Scripts\chromedriver.exe might not be compatible with the detected chrome version (131.0.6778.69); currently, chromedriver 131.0.6778.69 is recommended for chrome 131.*, so it is advised to delete the driver in PATH and retry</msg>
<msg time="2024-11-14T20:15:40.604994" level="WARN">The chromedriver version (130.0.6723.58) detected in PATH at C:\Users\Iza Wicki\AppData\Local\Programs\Python\Python312\Scripts\chromedriver.exe might not be compatible with the detected chrome version (131.0.6778.69); currently, chromedriver 131.0.6778.69 is recommended for chrome 131.*, so it is advised to delete the driver in PATH and retry</msg>
<msg time="2024-11-14T20:16:13.707786" level="WARN">The chromedriver version (130.0.6723.58) detected in PATH at C:\Users\Iza Wicki\AppData\Local\Programs\Python\Python312\Scripts\chromedriver.exe might not be compatible with the detected chrome version (131.0.6778.69); currently, chromedriver 131.0.6778.69 is recommended for chrome 131.*, so it is advised to delete the driver in PATH and retry</msg>
<msg time="2024-11-14T20:16:28.577150" level="WARN">The chromedriver version (130.0.6723.58) detected in PATH at C:\Users\Iza Wicki\AppData\Local\Programs\Python\Python312\Scripts\chromedriver.exe might not be compatible with the detected chrome version (131.0.6778.69); currently, chromedriver 131.0.6778.69 is recommended for chrome 131.*, so it is advised to delete the driver in PATH and retry</msg>
<msg time="2024-11-14T20:16:44.271042" level="WARN">The chromedriver version (130.0.6723.58) detected in PATH at C:\Users\Iza Wicki\AppData\Local\Programs\Python\Python312\Scripts\chromedriver.exe might not be compatible with the detected chrome version (131.0.6778.69); currently, chromedriver 131.0.6778.69 is recommended for chrome 131.*, so it is advised to delete the driver in PATH and retry</msg>
<msg time="2024-11-14T20:17:13.995131" level="WARN">The chromedriver version (130.0.6723.58) detected in PATH at C:\Users\Iza Wicki\AppData\Local\Programs\Python\Python312\Scripts\chromedriver.exe might not be compatible with the detected chrome version (131.0.6778.69); currently, chromedriver 131.0.6778.69 is recommended for chrome 131.*, so it is advised to delete the driver in PATH and retry</msg>
<msg time="2024-11-14T20:17:19.790434" level="WARN">The chromedriver version (130.0.6723.58) detected in PATH at C:\Users\Iza Wicki\AppData\Local\Programs\Python\Python312\Scripts\chromedriver.exe might not be compatible with the detected chrome version (131.0.6778.69); currently, chromedriver 131.0.6778.69 is recommended for chrome 131.*, so it is advised to delete the driver in PATH and retry</msg>
<msg time="2024-11-14T20:17:41.501152" level="WARN">The chromedriver version (130.0.6723.58) detected in PATH at C:\Users\Iza Wicki\AppData\Local\Programs\Python\Python312\Scripts\chromedriver.exe might not be compatible with the detected chrome version (131.0.6778.69); currently, chromedriver 131.0.6778.69 is recommended for chrome 131.*, so it is advised to delete the driver in PATH and retry</msg>
<msg time="2024-11-14T20:18:14.337168" level="WARN">The chromedriver version (130.0.6723.58) detected in PATH at C:\Users\Iza Wicki\AppData\Local\Programs\Python\Python312\Scripts\chromedriver.exe might not be compatible with the detected chrome version (131.0.6778.69); currently, chromedriver 131.0.6778.69 is recommended for chrome 131.*, so it is advised to delete the driver in PATH and retry</msg>
</errors>
</robot>
